{"total": {"lines":{"total":451,"covered":272,"skipped":0,"pct":60.31},"statements":{"total":458,"covered":275,"skipped":0,"pct":60.04},"functions":{"total":207,"covered":100,"skipped":0,"pct":48.3},"branches":{"total":164,"covered":81,"skipped":0,"pct":49.39},"branchesTrue":{"total":0,"covered":0,"skipped":0,"pct":100}}
,"C:\\Users\\Mar7G\\Desktop\\Proyecto_SmartLogix\\frontend-admin\\src\\data\\auditLogs.js": {"lines":{"total":1,"covered":1,"skipped":0,"pct":100},"functions":{"total":0,"covered":0,"skipped":0,"pct":100},"statements":{"total":1,"covered":1,"skipped":0,"pct":100},"branches":{"total":0,"covered":0,"skipped":0,"pct":100}}
,"C:\\Users\\Mar7G\\Desktop\\Proyecto_SmartLogix\\frontend-admin\\src\\data\\carrierAnalyticsMock.js": {"lines":{"total":1,"covered":1,"skipped":0,"pct":100},"functions":{"total":0,"covered":0,"skipped":0,"pct":100},"statements":{"total":1,"covered":1,"skipped":0,"pct":100},"branches":{"total":0,"covered":0,"skipped":0,"pct":100}}
,"C:\\Users\\Mar7G\\Desktop\\Proyecto_SmartLogix\\frontend-admin\\src\\data\\operations\\carriers.js": {"lines":{"total":14,"covered":5,"skipped":0,"pct":35.71},"functions":{"total":12,"covered":3,"skipped":0,"pct":25},"statements":{"total":14,"covered":5,"skipped":0,"pct":35.71},"branches":{"total":0,"covered":0,"skipped":0,"pct":100}}
,"C:\\Users\\Mar7G\\Desktop\\Proyecto_SmartLogix\\frontend-admin\\src\\data\\operations\\customers.js": {"lines":{"total":5,"covered":2,"skipped":0,"pct":40},"functions":{"total":4,"covered":1,"skipped":0,"pct":25},"statements":{"total":5,"covered":2,"skipped":0,"pct":40},"branches":{"total":0,"covered":0,"skipped":0,"pct":100}}
,"C:\\Users\\Mar7G\\Desktop\\Proyecto_SmartLogix\\frontend-admin\\src\\data\\operations\\documents.js": {"lines":{"total":9,"covered":2,"skipped":0,"pct":22.22},"functions":{"total":8,"covered":1,"skipped":0,"pct":12.5},"statements":{"total":9,"covered":2,"skipped":0,"pct":22.22},"branches":{"total":0,"covered":0,"skipped":0,"pct":100}}
,"C:\\Users\\Mar7G\\Desktop\\Proyecto_SmartLogix\\frontend-admin\\src\\data\\operations\\incidents.js": {"lines":{"total":12,"covered":7,"skipped":0,"pct":58.33},"functions":{"total":8,"covered":3,"skipped":0,"pct":37.5},"statements":{"total":13,"covered":8,"skipped":0,"pct":61.53},"branches":{"total":0,"covered":0,"skipped":0,"pct":100}}
,"C:\\Users\\Mar7G\\Desktop\\Proyecto_SmartLogix\\frontend-admin\\src\\data\\operations\\operators.js": {"lines":{"total":9,"covered":2,"skipped":0,"pct":22.22},"functions":{"total":8,"covered":1,"skipped":0,"pct":12.5},"statements":{"total":9,"covered":2,"skipped":0,"pct":22.22},"branches":{"total":0,"covered":0,"skipped":0,"pct":100}}
,"C:\\Users\\Mar7G\\Desktop\\Proyecto_SmartLogix\\frontend-admin\\src\\data\\operations\\products.js": {"lines":{"total":7,"covered":2,"skipped":0,"pct":28.57},"functions":{"total":6,"covered":1,"skipped":0,"pct":16.66},"statements":{"total":7,"covered":2,"skipped":0,"pct":28.57},"branches":{"total":0,"covered":0,"skipped":0,"pct":100}}
,"C:\\Users\\Mar7G\\Desktop\\Proyecto_SmartLogix\\frontend-admin\\src\\data\\operations\\traceModel.js": {"lines":{"total":4,"covered":1,"skipped":0,"pct":25},"functions":{"total":4,"covered":1,"skipped":0,"pct":25},"statements":{"total":4,"covered":1,"skipped":0,"pct":25},"branches":{"total":0,"covered":0,"skipped":0,"pct":100}}
,"C:\\Users\\Mar7G\\Desktop\\Proyecto_SmartLogix\\frontend-admin\\src\\data\\operations\\workflow.js": {"lines":{"total":12,"covered":1,"skipped":0,"pct":8.33},"functions":{"total":7,"covered":0,"skipped":0,"pct":0},"statements":{"total":12,"covered":1,"skipped":0,"pct":8.33},"branches":{"total":2,"covered":0,"skipped":0,"pct":0}}
,"C:\\Users\\Mar7G\\Desktop\\Proyecto_SmartLogix\\frontend-admin\\src\\data\\operations\\generator\\dates.js": {"lines":{"total":16,"covered":14,"skipped":0,"pct":87.5},"functions":{"total":10,"covered":8,"skipped":0,"pct":80},"statements":{"total":16,"covered":14,"skipped":0,"pct":87.5},"branches":{"total":5,"covered":5,"skipped":0,"pct":100}}
,"C:\\Users\\Mar7G\\Desktop\\Proyecto_SmartLogix\\frontend-admin\\src\\data\\operations\\generator\\documentsEngine.js": {"lines":{"total":3,"covered":3,"skipped":0,"pct":100},"functions":{"total":1,"covered":1,"skipped":0,"pct":100},"statements":{"total":3,"covered":3,"skipped":0,"pct":100},"branches":{"total":0,"covered":0,"skipped":0,"pct":100}}
,"C:\\Users\\Mar7G\\Desktop\\Proyecto_SmartLogix\\frontend-admin\\src\\data\\operations\\generator\\ids.js": {"lines":{"total":10,"covered":9,"skipped":0,"pct":90},"functions":{"total":9,"covered":8,"skipped":0,"pct":88.88},"statements":{"total":10,"covered":9,"skipped":0,"pct":90},"branches":{"total":1,"covered":1,"skipped":0,"pct":100}}
,"C:\\Users\\Mar7G\\Desktop\\Proyecto_SmartLogix\\frontend-admin\\src\\data\\operations\\generator\\incidentEngine.js": {"lines":{"total":7,"covered":5,"skipped":0,"pct":71.42},"functions":{"total":3,"covered":1,"skipped":0,"pct":33.33},"statements":{"total":7,"covered":5,"skipped":0,"pct":71.42},"branches":{"total":2,"covered":2,"skipped":0,"pct":100}}
,"C:\\Users\\Mar7G\\Desktop\\Proyecto_SmartLogix\\frontend-admin\\src\\data\\operations\\generator\\index.js": {"lines":{"total":0,"covered":0,"skipped":0,"pct":0},"functions":{"total":0,"covered":0,"skipped":0,"pct":0},"statements":{"total":0,"covered":0,"skipped":0,"pct":0},"branches":{"total":0,"covered":0,"skipped":0,"pct":0}}
,"C:\\Users\\Mar7G\\Desktop\\Proyecto_SmartLogix\\frontend-admin\\src\\data\\operations\\generator\\notifications.js": {"lines":{"total":3,"covered":1,"skipped":0,"pct":33.33},"functions":{"total":3,"covered":1,"skipped":0,"pct":33.33},"statements":{"total":3,"covered":1,"skipped":0,"pct":33.33},"branches":{"total":4,"covered":0,"skipped":0,"pct":0}}
,"C:\\Users\\Mar7G\\Desktop\\Proyecto_SmartLogix\\frontend-admin\\src\\data\\operations\\generator\\random.js": {"lines":{"total":17,"covered":14,"skipped":0,"pct":82.35},"functions":{"total":12,"covered":9,"skipped":0,"pct":75},"statements":{"total":17,"covered":14,"skipped":0,"pct":82.35},"branches":{"total":8,"covered":7,"skipped":0,"pct":87.5}}
,"C:\\Users\\Mar7G\\Desktop\\Proyecto_SmartLogix\\frontend-admin\\src\\data\\operations\\generator\\shipment.js": {"lines":{"total":16,"covered":4,"skipped":0,"pct":25},"functions":{"total":2,"covered":1,"skipped":0,"pct":50},"statements":{"total":16,"covered":4,"skipped":0,"pct":25},"branches":{"total":6,"covered":1,"skipped":0,"pct":16.66}}
,"C:\\Users\\Mar7G\\Desktop\\Proyecto_SmartLogix\\frontend-admin\\src\\data\\operations\\generator\\simulator.js": {"lines":{"total":50,"covered":35,"skipped":0,"pct":70},"functions":{"total":18,"covered":8,"skipped":0,"pct":44.44},"statements":{"total":51,"covered":36,"skipped":0,"pct":70.58},"branches":{"total":20,"covered":11,"skipped":0,"pct":55}}
,"C:\\Users\\Mar7G\\Desktop\\Proyecto_SmartLogix\\frontend-admin\\src\\data\\operations\\generator\\timeline.js": {"lines":{"total":15,"covered":7,"skipped":0,"pct":46.66},"functions":{"total":6,"covered":2,"skipped":0,"pct":33.33},"statements":{"total":15,"covered":7,"skipped":0,"pct":46.66},"branches":{"total":2,"covered":0,"skipped":0,"pct":0}}
,"C:\\Users\\Mar7G\\Desktop\\Proyecto_SmartLogix\\frontend-admin\\src\\data\\operations\\generator\\traceBuilder.js": {"lines":{"total":31,"covered":31,"skipped":0,"pct":100},"functions":{"total":1,"covered":1,"skipped":0,"pct":100},"statements":{"total":31,"covered":31,"skipped":0,"pct":100},"branches":{"total":0,"covered":0,"skipped":0,"pct":100}}
,"C:\\Users\\Mar7G\\Desktop\\Proyecto_SmartLogix\\frontend-admin\\src\\data\\operations\\generator\\workflowEngine.js": {"lines":{"total":5,"covered":2,"skipped":0,"pct":40},"functions":{"total":5,"covered":2,"skipped":0,"pct":40},"statements":{"total":5,"covered":2,"skipped":0,"pct":40},"branches":{"total":0,"covered":0,"skipped":0,"pct":100}}
,"C:\\Users\\Mar7G\\Desktop\\Proyecto_SmartLogix\\frontend-admin\\src\\services\\auditLogService.js": {"lines":{"total":15,"covered":12,"skipped":0,"pct":80},"functions":{"total":9,"covered":6,"skipped":0,"pct":66.66},"statements":{"total":18,"covered":12,"skipped":0,"pct":66.66},"branches":{"total":10,"covered":7,"skipped":0,"pct":70}}
,"C:\\Users\\Mar7G\\Desktop\\Proyecto_SmartLogix\\frontend-admin\\src\\services\\carrierAnalyticsService.js": {"lines":{"total":5,"covered":5,"skipped":0,"pct":100},"functions":{"total":5,"covered":5,"skipped":0,"pct":100},"statements":{"total":5,"covered":5,"skipped":0,"pct":100},"branches":{"total":0,"covered":0,"skipped":0,"pct":100}}
,"C:\\Users\\Mar7G\\Desktop\\Proyecto_SmartLogix\\frontend-admin\\src\\services\\carrierDecisionService.js": {"lines":{"total":3,"covered":3,"skipped":0,"pct":100},"functions":{"total":2,"covered":2,"skipped":0,"pct":100},"statements":{"total":3,"covered":3,"skipped":0,"pct":100},"branches":{"total":0,"covered":0,"skipped":0,"pct":100}}
,"C:\\Users\\Mar7G\\Desktop\\Proyecto_SmartLogix\\frontend-admin\\src\\services\\carrierService.js": {"lines":{"total":13,"covered":13,"skipped":0,"pct":100},"functions":{"total":4,"covered":3,"skipped":0,"pct":75},"statements":{"total":15,"covered":14,"skipped":0,"pct":93.33},"branches":{"total":2,"covered":2,"skipped":0,"pct":100}}
,"C:\\Users\\Mar7G\\Desktop\\Proyecto_SmartLogix\\frontend-admin\\src\\services\\notificationService.js": {"lines":{"total":19,"covered":13,"skipped":0,"pct":68.42},"functions":{"total":7,"covered":3,"skipped":0,"pct":42.85},"statements":{"total":19,"covered":13,"skipped":0,"pct":68.42},"branches":{"total":30,"covered":5,"skipped":0,"pct":16.66}}
,"C:\\Users\\Mar7G\\Desktop\\Proyecto_SmartLogix\\frontend-admin\\src\\services\\operationsCenterService.js": {"lines":{"total":57,"covered":15,"skipped":0,"pct":26.31},"functions":{"total":29,"covered":6,"skipped":0,"pct":20.68},"statements":{"total":57,"covered":15,"skipped":0,"pct":26.31},"branches":{"total":16,"covered":2,"skipped":0,"pct":12.5}}
,"C:\\Users\\Mar7G\\Desktop\\Proyecto_SmartLogix\\frontend-admin\\src\\services\\orderService.js": {"lines":{"total":30,"covered":15,"skipped":0,"pct":50},"functions":{"total":6,"covered":5,"skipped":0,"pct":83.33},"statements":{"total":30,"covered":15,"skipped":0,"pct":50},"branches":{"total":12,"covered":5,"skipped":0,"pct":41.66}}
,"C:\\Users\\Mar7G\\Desktop\\Proyecto_SmartLogix\\frontend-admin\\src\\services\\orderValidationService.js": {"lines":{"total":7,"covered":7,"skipped":0,"pct":100},"functions":{"total":1,"covered":1,"skipped":0,"pct":100},"statements":{"total":7,"covered":7,"skipped":0,"pct":100},"branches":{"total":8,"covered":7,"skipped":0,"pct":87.5}}
,"C:\\Users\\Mar7G\\Desktop\\Proyecto_SmartLogix\\frontend-admin\\src\\services\\refundService.js": {"lines":{"total":16,"covered":14,"skipped":0,"pct":87.5},"functions":{"total":3,"covered":3,"skipped":0,"pct":100},"statements":{"total":16,"covered":14,"skipped":0,"pct":87.5},"branches":{"total":26,"covered":22,"skipped":0,"pct":84.61}}
,"C:\\Users\\Mar7G\\Desktop\\Proyecto_SmartLogix\\frontend-admin\\src\\services\\shippingService.js": {"lines":{"total":27,"covered":14,"skipped":0,"pct":51.85},"functions":{"total":5,"covered":4,"skipped":0,"pct":80},"statements":{"total":27,"covered":14,"skipped":0,"pct":51.85},"branches":{"total":10,"covered":4,"skipped":0,"pct":40}}
,"C:\\Users\\Mar7G\\Desktop\\Proyecto_SmartLogix\\frontend-admin\\src\\services\\trackingAnalyticsService.js": {"lines":{"total":10,"covered":10,"skipped":0,"pct":100},"functions":{"total":8,"covered":8,"skipped":0,"pct":100},"statements":{"total":10,"covered":10,"skipped":0,"pct":100},"branches":{"total":0,"covered":0,"skipped":0,"pct":100}}
,"C:\\Users\\Mar7G\\Desktop\\Proyecto_SmartLogix\\frontend-admin\\src\\services\\trackingService.js": {"lines":{"total":2,"covered":2,"skipped":0,"pct":100},"functions":{"total":1,"covered":1,"skipped":0,"pct":100},"statements":{"total":2,"covered":2,"skipped":0,"pct":100},"branches":{"total":0,"covered":0,"skipped":0,"pct":100}}
}
