{"C:\\Users\\Mar7G\\Desktop\\Proyecto_SmartLogix\\frontend-admin\\src\\data\\auditLogs.js": {"path":"C:\\Users\\Mar7G\\Desktop\\Proyecto_SmartLogix\\frontend-admin\\src\\data\\auditLogs.js","statementMap":{"0":{"start":{"line":1,"column":18},"end":{"line":273,"column":1}}},"fnMap":{},"branchMap":{},"s":{"0":1},"f":{},"b":{},"meta":{"lastBranch":0,"lastFunction":0,"lastStatement":1,"seen":{"s:1:18:273:1":0},"fnNames":{}}}
,"C:\\Users\\Mar7G\\Desktop\\Proyecto_SmartLogix\\frontend-admin\\src\\data\\carrierAnalyticsMock.js": {"path":"C:\\Users\\Mar7G\\Desktop\\Proyecto_SmartLogix\\frontend-admin\\src\\data\\carrierAnalyticsMock.js","statementMap":{"0":{"start":{"line":1,"column":36},"end":{"line":123,"column":1}}},"fnMap":{},"branchMap":{},"s":{"0":1},"f":{},"b":{},"meta":{"lastBranch":0,"lastFunction":0,"lastStatement":1,"seen":{"s:1:36:123:1":0},"fnNames":{}}}
,"C:\\Users\\Mar7G\\Desktop\\Proyecto_SmartLogix\\frontend-admin\\src\\data\\operations\\carriers.js": {"path":"C:\\Users\\Mar7G\\Desktop\\Proyecto_SmartLogix\\frontend-admin\\src\\data\\operations\\carriers.js","statementMap":{"0":{"start":{"line":13,"column":17},"end":{"line":282,"column":1}},"1":{"start":{"line":292,"column":0},"end":{"line":292,"column":16}},"2":{"start":{"line":298,"column":0},"end":{"line":302,"column":2}},"3":{"start":{"line":300,"column":9},"end":{"line":300,"column":24}},"4":{"start":{"line":308,"column":0},"end":{"line":312,"column":2}},"5":{"start":{"line":310,"column":9},"end":{"line":310,"column":28}},"6":{"start":{"line":318,"column":0},"end":{"line":322,"column":2}},"7":{"start":{"line":320,"column":9},"end":{"line":320,"column":28}},"8":{"start":{"line":328,"column":0},"end":{"line":332,"column":2}},"9":{"start":{"line":330,"column":9},"end":{"line":330,"column":23}},"10":{"start":{"line":338,"column":0},"end":{"line":342,"column":2}},"11":{"start":{"line":340,"column":9},"end":{"line":340,"column":32}},"12":{"start":{"line":350,"column":0},"end":{"line":350,"column":22}},"13":{"start":{"line":352,"column":0},"end":{"line":360,"column":2}}},"fnMap":{"0":{"name":"getCarriers","decl":{"start":{"line":290,"column":16},"end":{"line":290,"column":27}},"loc":{"start":{"line":290,"column":29},"end":{"line":294,"column":1}},"line":290},"1":{"name":"getCarrier","decl":{"start":{"line":296,"column":16},"end":{"line":296,"column":26}},"loc":{"start":{"line":296,"column":30},"end":{"line":304,"column":1}},"line":296},"2":{"name":"(anonymous_2)","decl":{"start":{"line":300,"column":0},"end":{"line":300,"column":7}},"loc":{"start":{"line":300,"column":9},"end":{"line":300,"column":24}},"line":300},"3":{"name":"getCarrierByCode","decl":{"start":{"line":306,"column":16},"end":{"line":306,"column":32}},"loc":{"start":{"line":306,"column":38},"end":{"line":314,"column":1}},"line":306},"4":{"name":"(anonymous_4)","decl":{"start":{"line":310,"column":0},"end":{"line":310,"column":7}},"loc":{"start":{"line":310,"column":9},"end":{"line":310,"column":28}},"line":310},"5":{"name":"getCarrierByName","decl":{"start":{"line":316,"column":16},"end":{"line":316,"column":32}},"loc":{"start":{"line":316,"column":38},"end":{"line":324,"column":1}},"line":316},"6":{"name":"(anonymous_6)","decl":{"start":{"line":320,"column":0},"end":{"line":320,"column":7}},"loc":{"start":{"line":320,"column":9},"end":{"line":320,"column":28}},"line":320},"7":{"name":"getAvailableCarriers","decl":{"start":{"line":326,"column":16},"end":{"line":326,"column":36}},"loc":{"start":{"line":326,"column":38},"end":{"line":334,"column":1}},"line":326},"8":{"name":"(anonymous_8)","decl":{"start":{"line":330,"column":0},"end":{"line":330,"column":7}},"loc":{"start":{"line":330,"column":9},"end":{"line":330,"column":23}},"line":330},"9":{"name":"getExpressCarriers","decl":{"start":{"line":336,"column":16},"end":{"line":336,"column":34}},"loc":{"start":{"line":336,"column":36},"end":{"line":344,"column":1}},"line":336},"10":{"name":"(anonymous_10)","decl":{"start":{"line":340,"column":0},"end":{"line":340,"column":7}},"loc":{"start":{"line":340,"column":9},"end":{"line":340,"column":32}},"line":340},"11":{"name":"getRandomCarrier","decl":{"start":{"line":346,"column":16},"end":{"line":346,"column":32}},"loc":{"start":{"line":346,"column":34},"end":{"line":362,"column":1}},"line":346}},"branchMap":{},"s":{"0":1,"1":0,"2":0,"3":0,"4":0,"5":0,"6":0,"7":0,"8":3000,"9":15000,"10":0,"11":0,"12":3000,"13":3000},"f":{"0":0,"1":0,"2":0,"3":0,"4":0,"5":0,"6":0,"7":3000,"8":15000,"9":0,"10":0,"11":3000},"b":{},"meta":{"lastBranch":0,"lastFunction":12,"lastStatement":14,"seen":{"s:13:17:282:1":0,"f:290:16:290:27":0,"s:292:0:292:16":1,"f:296:16:296:26":1,"s:298:0:302:2":2,"f:300:0:300:7":2,"s:300:9:300:24":3,"f:306:16:306:32":3,"s:308:0:312:2":4,"f:310:0:310:7":4,"s:310:9:310:28":5,"f:316:16:316:32":5,"s:318:0:322:2":6,"f:320:0:320:7":6,"s:320:9:320:28":7,"f:326:16:326:36":7,"s:328:0:332:2":8,"f:330:0:330:7":8,"s:330:9:330:23":9,"f:336:16:336:34":9,"s:338:0:342:2":10,"f:340:0:340:7":10,"s:340:9:340:32":11,"f:346:16:346:32":11,"s:350:0:350:22":12,"s:352:0:360:2":13},"fnNames":{}}}
,"C:\\Users\\Mar7G\\Desktop\\Proyecto_SmartLogix\\frontend-admin\\src\\data\\operations\\customers.js": {"path":"C:\\Users\\Mar7G\\Desktop\\Proyecto_SmartLogix\\frontend-admin\\src\\data\\operations\\customers.js","statementMap":{"0":{"start":{"line":11,"column":18},"end":{"line":253,"column":1}},"1":{"start":{"line":263,"column":0},"end":{"line":263,"column":17}},"2":{"start":{"line":269,"column":0},"end":{"line":273,"column":2}},"3":{"start":{"line":271,"column":10},"end":{"line":271,"column":26}},"4":{"start":{"line":279,"column":0},"end":{"line":287,"column":2}}},"fnMap":{"0":{"name":"getCustomers","decl":{"start":{"line":261,"column":16},"end":{"line":261,"column":28}},"loc":{"start":{"line":261,"column":30},"end":{"line":265,"column":1}},"line":261},"1":{"name":"getCustomer","decl":{"start":{"line":267,"column":16},"end":{"line":267,"column":27}},"loc":{"start":{"line":267,"column":31},"end":{"line":275,"column":1}},"line":267},"2":{"name":"(anonymous_2)","decl":{"start":{"line":271,"column":0},"end":{"line":271,"column":8}},"loc":{"start":{"line":271,"column":10},"end":{"line":271,"column":26}},"line":271},"3":{"name":"getRandomCustomer","decl":{"start":{"line":277,"column":16},"end":{"line":277,"column":33}},"loc":{"start":{"line":277,"column":35},"end":{"line":289,"column":1}},"line":277}},"branchMap":{},"s":{"0":1,"1":0,"2":0,"3":0,"4":3000},"f":{"0":0,"1":0,"2":0,"3":3000},"b":{},"meta":{"lastBranch":0,"lastFunction":4,"lastStatement":5,"seen":{"s:11:18:253:1":0,"f:261:16:261:28":0,"s:263:0:263:17":1,"f:267:16:267:27":1,"s:269:0:273:2":2,"f:271:0:271:8":2,"s:271:10:271:26":3,"f:277:16:277:33":3,"s:279:0:287:2":4},"fnNames":{}}}
,"C:\\Users\\Mar7G\\Desktop\\Proyecto_SmartLogix\\frontend-admin\\src\\data\\operations\\documents.js": {"path":"C:\\Users\\Mar7G\\Desktop\\Proyecto_SmartLogix\\frontend-admin\\src\\data\\operations\\documents.js","statementMap":{"0":{"start":{"line":14,"column":18},"end":{"line":207,"column":1}},"1":{"start":{"line":217,"column":0},"end":{"line":217,"column":17}},"2":{"start":{"line":223,"column":0},"end":{"line":227,"column":2}},"3":{"start":{"line":225,"column":10},"end":{"line":225,"column":26}},"4":{"start":{"line":233,"column":0},"end":{"line":237,"column":2}},"5":{"start":{"line":235,"column":10},"end":{"line":235,"column":30}},"6":{"start":{"line":243,"column":0},"end":{"line":247,"column":2}},"7":{"start":{"line":245,"column":10},"end":{"line":245,"column":34}},"8":{"start":{"line":253,"column":0},"end":{"line":267,"column":2}}},"fnMap":{"0":{"name":"getDocuments","decl":{"start":{"line":215,"column":16},"end":{"line":215,"column":28}},"loc":{"start":{"line":215,"column":30},"end":{"line":219,"column":1}},"line":215},"1":{"name":"getDocument","decl":{"start":{"line":221,"column":16},"end":{"line":221,"column":27}},"loc":{"start":{"line":221,"column":31},"end":{"line":229,"column":1}},"line":221},"2":{"name":"(anonymous_2)","decl":{"start":{"line":225,"column":0},"end":{"line":225,"column":8}},"loc":{"start":{"line":225,"column":10},"end":{"line":225,"column":26}},"line":225},"3":{"name":"getDocumentByCode","decl":{"start":{"line":231,"column":16},"end":{"line":231,"column":33}},"loc":{"start":{"line":231,"column":39},"end":{"line":239,"column":1}},"line":231},"4":{"name":"(anonymous_4)","decl":{"start":{"line":235,"column":0},"end":{"line":235,"column":8}},"loc":{"start":{"line":235,"column":10},"end":{"line":235,"column":30}},"line":235},"5":{"name":"getDocumentsByModule","decl":{"start":{"line":241,"column":16},"end":{"line":241,"column":36}},"loc":{"start":{"line":241,"column":44},"end":{"line":249,"column":1}},"line":241},"6":{"name":"(anonymous_6)","decl":{"start":{"line":245,"column":0},"end":{"line":245,"column":8}},"loc":{"start":{"line":245,"column":10},"end":{"line":245,"column":34}},"line":245},"7":{"name":"generateDocumentStatus","decl":{"start":{"line":251,"column":16},"end":{"line":251,"column":38}},"loc":{"start":{"line":251,"column":40},"end":{"line":269,"column":1}},"line":251}},"branchMap":{},"s":{"0":1,"1":0,"2":0,"3":0,"4":0,"5":0,"6":0,"7":0,"8":3000},"f":{"0":0,"1":0,"2":0,"3":0,"4":0,"5":0,"6":0,"7":3000},"b":{},"meta":{"lastBranch":0,"lastFunction":8,"lastStatement":9,"seen":{"s:14:18:207:1":0,"f:215:16:215:28":0,"s:217:0:217:17":1,"f:221:16:221:27":1,"s:223:0:227:2":2,"f:225:0:225:8":2,"s:225:10:225:26":3,"f:231:16:231:33":3,"s:233:0:237:2":4,"f:235:0:235:8":4,"s:235:10:235:30":5,"f:241:16:241:36":5,"s:243:0:247:2":6,"f:245:0:245:8":6,"s:245:10:245:34":7,"f:251:16:251:38":7,"s:253:0:267:2":8},"fnNames":{}}}
,"C:\\Users\\Mar7G\\Desktop\\Proyecto_SmartLogix\\frontend-admin\\src\\data\\operations\\incidents.js": {"path":"C:\\Users\\Mar7G\\Desktop\\Proyecto_SmartLogix\\frontend-admin\\src\\data\\operations\\incidents.js","statementMap":{"0":{"start":{"line":14,"column":18},"end":{"line":255,"column":1}},"1":{"start":{"line":265,"column":0},"end":{"line":265,"column":17}},"2":{"start":{"line":271,"column":0},"end":{"line":275,"column":2}},"3":{"start":{"line":273,"column":10},"end":{"line":273,"column":26}},"4":{"start":{"line":281,"column":0},"end":{"line":285,"column":2}},"5":{"start":{"line":283,"column":10},"end":{"line":283,"column":30}},"6":{"start":{"line":291,"column":22},"end":{"line":291,"column":24}},"7":{"start":{"line":293,"column":0},"end":{"line":301,"column":3}},"8":{"start":{"line":295,"column":0},"end":{"line":299,"column":1}},"9":{"start":{"line":295,"column":10},"end":{"line":295,"column":11}},"10":{"start":{"line":297,"column":0},"end":{"line":297,"column":31}},"11":{"start":{"line":303,"column":0},"end":{"line":311,"column":2}},"12":{"start":{"line":322,"column":0},"end":{"line":322,"column":26}}},"fnMap":{"0":{"name":"getIncidents","decl":{"start":{"line":263,"column":16},"end":{"line":263,"column":28}},"loc":{"start":{"line":263,"column":30},"end":{"line":267,"column":1}},"line":263},"1":{"name":"getIncident","decl":{"start":{"line":269,"column":16},"end":{"line":269,"column":27}},"loc":{"start":{"line":269,"column":31},"end":{"line":277,"column":1}},"line":269},"2":{"name":"(anonymous_2)","decl":{"start":{"line":273,"column":0},"end":{"line":273,"column":8}},"loc":{"start":{"line":273,"column":10},"end":{"line":273,"column":26}},"line":273},"3":{"name":"getIncidentByCode","decl":{"start":{"line":279,"column":16},"end":{"line":279,"column":33}},"loc":{"start":{"line":279,"column":39},"end":{"line":287,"column":1}},"line":279},"4":{"name":"(anonymous_4)","decl":{"start":{"line":283,"column":0},"end":{"line":283,"column":8}},"loc":{"start":{"line":283,"column":10},"end":{"line":283,"column":30}},"line":283},"5":{"name":"getRandomIncident","decl":{"start":{"line":289,"column":16},"end":{"line":289,"column":33}},"loc":{"start":{"line":289,"column":35},"end":{"line":313,"column":1}},"line":289},"6":{"name":"(anonymous_6)","decl":{"start":{"line":293,"column":18},"end":{"line":293,"column":26}},"loc":{"start":{"line":293,"column":28},"end":{"line":301,"column":1}},"line":293},"7":{"name":"shouldGenerateIncident","decl":{"start":{"line":315,"column":16},"end":{"line":315,"column":38}},"loc":{"start":{"line":315,"column":40},"end":{"line":324,"column":1}},"line":315}},"branchMap":{},"s":{"0":1,"1":0,"2":0,"3":0,"4":0,"5":0,"6":344,"7":344,"8":3440,"9":3440,"10":8256,"11":344,"12":3000},"f":{"0":0,"1":0,"2":0,"3":0,"4":0,"5":344,"6":3440,"7":3000},"b":{},"meta":{"lastBranch":0,"lastFunction":8,"lastStatement":13,"seen":{"s:14:18:255:1":0,"f:263:16:263:28":0,"s:265:0:265:17":1,"f:269:16:269:27":1,"s:271:0:275:2":2,"f:273:0:273:8":2,"s:273:10:273:26":3,"f:279:16:279:33":3,"s:281:0:285:2":4,"f:283:0:283:8":4,"s:283:10:283:30":5,"f:289:16:289:33":5,"s:291:22:291:24":6,"s:293:0:301:3":7,"f:293:18:293:26":6,"s:295:0:299:1":8,"s:295:10:295:11":9,"s:297:0:297:31":10,"s:303:0:311:2":11,"f:315:16:315:38":7,"s:322:0:322:26":12},"fnNames":{}}}
,"C:\\Users\\Mar7G\\Desktop\\Proyecto_SmartLogix\\frontend-admin\\src\\data\\operations\\operators.js": {"path":"C:\\Users\\Mar7G\\Desktop\\Proyecto_SmartLogix\\frontend-admin\\src\\data\\operations\\operators.js","statementMap":{"0":{"start":{"line":14,"column":18},"end":{"line":455,"column":1}},"1":{"start":{"line":465,"column":0},"end":{"line":465,"column":17}},"2":{"start":{"line":471,"column":0},"end":{"line":475,"column":2}},"3":{"start":{"line":473,"column":10},"end":{"line":473,"column":26}},"4":{"start":{"line":481,"column":0},"end":{"line":489,"column":2}},"5":{"start":{"line":495,"column":0},"end":{"line":499,"column":2}},"6":{"start":{"line":497,"column":10},"end":{"line":497,"column":28}},"7":{"start":{"line":505,"column":0},"end":{"line":509,"column":2}},"8":{"start":{"line":507,"column":10},"end":{"line":507,"column":29}}},"fnMap":{"0":{"name":"getOperators","decl":{"start":{"line":463,"column":16},"end":{"line":463,"column":28}},"loc":{"start":{"line":463,"column":30},"end":{"line":467,"column":1}},"line":463},"1":{"name":"getOperator","decl":{"start":{"line":469,"column":16},"end":{"line":469,"column":27}},"loc":{"start":{"line":469,"column":31},"end":{"line":477,"column":1}},"line":469},"2":{"name":"(anonymous_2)","decl":{"start":{"line":473,"column":0},"end":{"line":473,"column":8}},"loc":{"start":{"line":473,"column":10},"end":{"line":473,"column":26}},"line":473},"3":{"name":"getRandomOperator","decl":{"start":{"line":479,"column":16},"end":{"line":479,"column":33}},"loc":{"start":{"line":479,"column":35},"end":{"line":491,"column":1}},"line":479},"4":{"name":"getAutomaticOperators","decl":{"start":{"line":493,"column":16},"end":{"line":493,"column":37}},"loc":{"start":{"line":493,"column":39},"end":{"line":501,"column":1}},"line":493},"5":{"name":"(anonymous_5)","decl":{"start":{"line":497,"column":0},"end":{"line":497,"column":8}},"loc":{"start":{"line":497,"column":10},"end":{"line":497,"column":28}},"line":497},"6":{"name":"getHumanOperators","decl":{"start":{"line":503,"column":16},"end":{"line":503,"column":33}},"loc":{"start":{"line":503,"column":35},"end":{"line":511,"column":1}},"line":503},"7":{"name":"(anonymous_7)","decl":{"start":{"line":507,"column":0},"end":{"line":507,"column":8}},"loc":{"start":{"line":507,"column":10},"end":{"line":507,"column":29}},"line":507}},"branchMap":{},"s":{"0":1,"1":0,"2":0,"3":0,"4":24000,"5":0,"6":0,"7":0,"8":0},"f":{"0":0,"1":0,"2":0,"3":24000,"4":0,"5":0,"6":0,"7":0},"b":{},"meta":{"lastBranch":0,"lastFunction":8,"lastStatement":9,"seen":{"s:14:18:455:1":0,"f:463:16:463:28":0,"s:465:0:465:17":1,"f:469:16:469:27":1,"s:471:0:475:2":2,"f:473:0:473:8":2,"s:473:10:473:26":3,"f:479:16:479:33":3,"s:481:0:489:2":4,"f:493:16:493:37":4,"s:495:0:499:2":5,"f:497:0:497:8":5,"s:497:10:497:28":6,"f:503:16:503:33":6,"s:505:0:509:2":7,"f:507:0:507:8":7,"s:507:10:507:29":8},"fnNames":{}}}
,"C:\\Users\\Mar7G\\Desktop\\Proyecto_SmartLogix\\frontend-admin\\src\\data\\operations\\products.js": {"path":"C:\\Users\\Mar7G\\Desktop\\Proyecto_SmartLogix\\frontend-admin\\src\\data\\operations\\products.js","statementMap":{"0":{"start":{"line":11,"column":17},"end":{"line":253,"column":1}},"1":{"start":{"line":263,"column":0},"end":{"line":263,"column":16}},"2":{"start":{"line":269,"column":0},"end":{"line":273,"column":2}},"3":{"start":{"line":271,"column":9},"end":{"line":271,"column":24}},"4":{"start":{"line":279,"column":0},"end":{"line":283,"column":2}},"5":{"start":{"line":281,"column":9},"end":{"line":281,"column":26}},"6":{"start":{"line":289,"column":0},"end":{"line":297,"column":2}}},"fnMap":{"0":{"name":"getProducts","decl":{"start":{"line":261,"column":16},"end":{"line":261,"column":27}},"loc":{"start":{"line":261,"column":29},"end":{"line":265,"column":1}},"line":261},"1":{"name":"getProduct","decl":{"start":{"line":267,"column":16},"end":{"line":267,"column":26}},"loc":{"start":{"line":267,"column":30},"end":{"line":275,"column":1}},"line":267},"2":{"name":"(anonymous_2)","decl":{"start":{"line":271,"column":0},"end":{"line":271,"column":7}},"loc":{"start":{"line":271,"column":9},"end":{"line":271,"column":24}},"line":271},"3":{"name":"getProductBySku","decl":{"start":{"line":277,"column":16},"end":{"line":277,"column":31}},"loc":{"start":{"line":277,"column":36},"end":{"line":285,"column":1}},"line":277},"4":{"name":"(anonymous_4)","decl":{"start":{"line":281,"column":0},"end":{"line":281,"column":7}},"loc":{"start":{"line":281,"column":9},"end":{"line":281,"column":26}},"line":281},"5":{"name":"getRandomProduct","decl":{"start":{"line":287,"column":16},"end":{"line":287,"column":32}},"loc":{"start":{"line":287,"column":34},"end":{"line":299,"column":1}},"line":287}},"branchMap":{},"s":{"0":1,"1":0,"2":0,"3":0,"4":0,"5":0,"6":3000},"f":{"0":0,"1":0,"2":0,"3":0,"4":0,"5":3000},"b":{},"meta":{"lastBranch":0,"lastFunction":6,"lastStatement":7,"seen":{"s:11:17:253:1":0,"f:261:16:261:27":0,"s:263:0:263:16":1,"f:267:16:267:26":1,"s:269:0:273:2":2,"f:271:0:271:7":2,"s:271:9:271:24":3,"f:277:16:277:31":3,"s:279:0:283:2":4,"f:281:0:281:7":4,"s:281:9:281:26":5,"f:287:16:287:32":5,"s:289:0:297:2":6},"fnNames":{}}}
,"C:\\Users\\Mar7G\\Desktop\\Proyecto_SmartLogix\\frontend-admin\\src\\data\\operations\\traceModel.js": {"path":"C:\\Users\\Mar7G\\Desktop\\Proyecto_SmartLogix\\frontend-admin\\src\\data\\operations\\traceModel.js","statementMap":{"0":{"start":{"line":18,"column":4},"end":{"line":382,"column":6}},"1":{"start":{"line":396,"column":4},"end":{"line":400,"column":6}},"2":{"start":{"line":414,"column":4},"end":{"line":414,"column":54}},"3":{"start":{"line":428,"column":4},"end":{"line":428,"column":35}}},"fnMap":{"0":{"name":"createEmptyTrace","decl":{"start":{"line":16,"column":16},"end":{"line":16,"column":32}},"loc":{"start":{"line":16,"column":35},"end":{"line":384,"column":1}},"line":16},"1":{"name":"cloneTrace","decl":{"start":{"line":394,"column":16},"end":{"line":394,"column":26}},"loc":{"start":{"line":394,"column":33},"end":{"line":402,"column":1}},"line":394},"2":{"name":"isCompleted","decl":{"start":{"line":412,"column":16},"end":{"line":412,"column":27}},"loc":{"start":{"line":412,"column":34},"end":{"line":416,"column":1}},"line":412},"3":{"name":"getProgress","decl":{"start":{"line":426,"column":16},"end":{"line":426,"column":27}},"loc":{"start":{"line":426,"column":34},"end":{"line":430,"column":1}},"line":426}},"branchMap":{},"s":{"0":3000,"1":0,"2":0,"3":0},"f":{"0":3000,"1":0,"2":0,"3":0},"b":{},"meta":{"lastBranch":0,"lastFunction":4,"lastStatement":4,"seen":{"f:16:16:16:32":0,"s:18:4:382:6":0,"f:394:16:394:26":1,"s:396:4:400:6":1,"f:412:16:412:27":2,"s:414:4:414:54":2,"f:426:16:426:27":3,"s:428:4:428:35":3},"fnNames":{}}}
,"C:\\Users\\Mar7G\\Desktop\\Proyecto_SmartLogix\\frontend-admin\\src\\data\\operations\\workflow.js": {"path":"C:\\Users\\Mar7G\\Desktop\\Proyecto_SmartLogix\\frontend-admin\\src\\data\\operations\\workflow.js","statementMap":{"0":{"start":{"line":15,"column":17},"end":{"line":253,"column":1}},"1":{"start":{"line":262,"column":2},"end":{"line":262,"column":18}},"2":{"start":{"line":266,"column":2},"end":{"line":268,"column":4}},"3":{"start":{"line":267,"column":12},"end":{"line":267,"column":28}},"4":{"start":{"line":272,"column":2},"end":{"line":274,"column":4}},"5":{"start":{"line":273,"column":12},"end":{"line":273,"column":26}},"6":{"start":{"line":280,"column":4},"end":{"line":280,"column":24}},"7":{"start":{"line":282,"column":2},"end":{"line":284,"column":3}},"8":{"start":{"line":283,"column":4},"end":{"line":283,"column":16}},"9":{"start":{"line":286,"column":2},"end":{"line":288,"column":4}},"10":{"start":{"line":295,"column":4},"end":{"line":295,"column":24}},"11":{"start":{"line":297,"column":2},"end":{"line":297,"column":32}}},"fnMap":{"0":{"name":"getWorkflow","decl":{"start":{"line":261,"column":16},"end":{"line":261,"column":27}},"loc":{"start":{"line":261,"column":30},"end":{"line":263,"column":1}},"line":261},"1":{"name":"getWorkflowStep","decl":{"start":{"line":265,"column":16},"end":{"line":265,"column":31}},"loc":{"start":{"line":265,"column":37},"end":{"line":269,"column":1}},"line":265},"2":{"name":"(anonymous_2)","decl":{"start":{"line":267,"column":4},"end":{"line":267,"column":8}},"loc":{"start":{"line":267,"column":12},"end":{"line":267,"column":28}},"line":267},"3":{"name":"getWorkflowById","decl":{"start":{"line":271,"column":16},"end":{"line":271,"column":31}},"loc":{"start":{"line":271,"column":36},"end":{"line":275,"column":1}},"line":271},"4":{"name":"(anonymous_4)","decl":{"start":{"line":273,"column":4},"end":{"line":273,"column":8}},"loc":{"start":{"line":273,"column":12},"end":{"line":273,"column":26}},"line":273},"5":{"name":"getNextStep","decl":{"start":{"line":277,"column":16},"end":{"line":277,"column":27}},"loc":{"start":{"line":277,"column":33},"end":{"line":290,"column":1}},"line":277},"6":{"name":"isLastStep","decl":{"start":{"line":292,"column":16},"end":{"line":292,"column":26}},"loc":{"start":{"line":292,"column":32},"end":{"line":299,"column":1}},"line":292}},"branchMap":{"0":{"loc":{"start":{"line":282,"column":2},"end":{"line":284,"column":3}},"type":"if","locations":[{"start":{"line":282,"column":2},"end":{"line":284,"column":3}},{"start":{},"end":{}}],"line":282}},"s":{"0":1,"1":0,"2":0,"3":0,"4":0,"5":0,"6":0,"7":0,"8":0,"9":0,"10":0,"11":0},"f":{"0":0,"1":0,"2":0,"3":0,"4":0,"5":0,"6":0},"b":{"0":[0,0]},"meta":{"lastBranch":1,"lastFunction":7,"lastStatement":12,"seen":{"s:15:17:253:1":0,"f:261:16:261:27":0,"s:262:2:262:18":1,"f:265:16:265:31":1,"s:266:2:268:4":2,"f:267:4:267:8":2,"s:267:12:267:28":3,"f:271:16:271:31":3,"s:272:2:274:4":4,"f:273:4:273:8":4,"s:273:12:273:26":5,"f:277:16:277:27":5,"s:280:4:280:24":6,"b:282:2:284:3:undefined:undefined:undefined:undefined":0,"s:282:2:284:3":7,"s:283:4:283:16":8,"s:286:2:288:4":9,"f:292:16:292:26":6,"s:295:4:295:24":10,"s:297:2:297:32":11},"fnNames":{}}}
,"C:\\Users\\Mar7G\\Desktop\\Proyecto_SmartLogix\\frontend-admin\\src\\data\\operations\\generator\\dates.js": {"path":"C:\\Users\\Mar7G\\Desktop\\Proyecto_SmartLogix\\frontend-admin\\src\\data\\operations\\generator\\dates.js","statementMap":{"0":{"start":{"line":15,"column":4},"end":{"line":15,"column":22}},"1":{"start":{"line":21,"column":15},"end":{"line":21,"column":25}},"2":{"start":{"line":23,"column":4},"end":{"line":27,"column":6}},"3":{"start":{"line":29,"column":4},"end":{"line":29,"column":16}},"4":{"start":{"line":35,"column":4},"end":{"line":41,"column":6}},"5":{"start":{"line":47,"column":4},"end":{"line":53,"column":6}},"6":{"start":{"line":59,"column":4},"end":{"line":65,"column":6}},"7":{"start":{"line":71,"column":4},"end":{"line":75,"column":6}},"8":{"start":{"line":81,"column":4},"end":{"line":95,"column":6}},"9":{"start":{"line":101,"column":4},"end":{"line":109,"column":7}},"10":{"start":{"line":115,"column":15},"end":{"line":115,"column":25}},"11":{"start":{"line":117,"column":4},"end":{"line":135,"column":5}},"12":{"start":{"line":119,"column":8},"end":{"line":123,"column":10}},"13":{"start":{"line":129,"column":8},"end":{"line":133,"column":10}},"14":{"start":{"line":137,"column":4},"end":{"line":137,"column":28}},"15":{"start":{"line":143,"column":4},"end":{"line":147,"column":12}}},"fnMap":{"0":{"name":"now","decl":{"start":{"line":13,"column":16},"end":{"line":13,"column":19}},"loc":{"start":{"line":13,"column":21},"end":{"line":17,"column":1}},"line":13},"1":{"name":"randomDate","decl":{"start":{"line":19,"column":16},"end":{"line":19,"column":26}},"loc":{"start":{"line":19,"column":40},"end":{"line":31,"column":1}},"line":19},"2":{"name":"addSeconds","decl":{"start":{"line":33,"column":16},"end":{"line":33,"column":26}},"loc":{"start":{"line":33,"column":40},"end":{"line":43,"column":1}},"line":33},"3":{"name":"addMinutes","decl":{"start":{"line":45,"column":16},"end":{"line":45,"column":26}},"loc":{"start":{"line":45,"column":40},"end":{"line":55,"column":1}},"line":45},"4":{"name":"addHours","decl":{"start":{"line":57,"column":16},"end":{"line":57,"column":24}},"loc":{"start":{"line":57,"column":36},"end":{"line":67,"column":1}},"line":57},"5":{"name":"formatDate","decl":{"start":{"line":69,"column":16},"end":{"line":69,"column":26}},"loc":{"start":{"line":69,"column":32},"end":{"line":77,"column":1}},"line":69},"6":{"name":"formatTime","decl":{"start":{"line":79,"column":16},"end":{"line":79,"column":26}},"loc":{"start":{"line":79,"column":32},"end":{"line":97,"column":1}},"line":79},"7":{"name":"formatDateTime","decl":{"start":{"line":99,"column":16},"end":{"line":99,"column":30}},"loc":{"start":{"line":99,"column":36},"end":{"line":111,"column":1}},"line":99},"8":{"name":"estimatedDelivery","decl":{"start":{"line":113,"column":16},"end":{"line":113,"column":33}},"loc":{"start":{"line":113,"column":42},"end":{"line":139,"column":1}},"line":113},"9":{"name":"calculateSLA","decl":{"start":{"line":141,"column":16},"end":{"line":141,"column":28}},"loc":{"start":{"line":141,"column":37},"end":{"line":149,"column":null}},"line":141}},"branchMap":{"0":{"loc":{"start":{"line":19,"column":27},"end":{"line":19,"column":39}},"type":"default-arg","locations":[{"start":{"line":19,"column":37},"end":{"line":19,"column":39}}],"line":19},"1":{"loc":{"start":{"line":117,"column":4},"end":{"line":135,"column":5}},"type":"if","locations":[{"start":{"line":117,"column":4},"end":{"line":135,"column":5}},{"start":{"line":127,"column":8},"end":{"line":135,"column":5}}],"line":117},"2":{"loc":{"start":{"line":143,"column":11},"end":{"line":147,"column":11}},"type":"cond-expr","locations":[{"start":{"line":145,"column":9},"end":{"line":145,"column":11}},{"start":{"line":147,"column":9},"end":{"line":147,"column":11}}],"line":143}},"s":{"0":9000,"1":3000,"2":3000,"3":3000,"4":24000,"5":0,"6":0,"7":12000,"8":33000,"9":9000,"10":3000,"11":3000,"12":940,"13":2060,"14":3000,"15":3000},"f":{"0":9000,"1":3000,"2":24000,"3":0,"4":0,"5":12000,"6":33000,"7":9000,"8":3000,"9":3000},"b":{"0":[3000],"1":[940,2060],"2":[940,2060]},"meta":{"lastBranch":3,"lastFunction":10,"lastStatement":16,"seen":{"f:13:16:13:19":0,"s:15:4:15:22":0,"f:19:16:19:26":1,"b:19:37:19:39":0,"s:21:15:21:25":1,"s:23:4:27:6":2,"s:29:4:29:16":3,"f:33:16:33:26":2,"s:35:4:41:6":4,"f:45:16:45:26":3,"s:47:4:53:6":5,"f:57:16:57:24":4,"s:59:4:65:6":6,"f:69:16:69:26":5,"s:71:4:75:6":7,"f:79:16:79:26":6,"s:81:4:95:6":8,"f:99:16:99:30":7,"s:101:4:109:7":9,"f:113:16:113:33":8,"s:115:15:115:25":10,"b:117:4:135:5:127:8:135:5":1,"s:117:4:135:5":11,"s:119:8:123:10":12,"s:129:8:133:10":13,"s:137:4:137:28":14,"f:141:16:141:28":9,"s:143:4:147:12":15,"b:145:9:145:11:147:9:147:11":2},"fnNames":{}}}
,"C:\\Users\\Mar7G\\Desktop\\Proyecto_SmartLogix\\frontend-admin\\src\\data\\operations\\generator\\documentsEngine.js": {"path":"C:\\Users\\Mar7G\\Desktop\\Proyecto_SmartLogix\\frontend-admin\\src\\data\\operations\\generator\\documentsEngine.js","statementMap":{"0":{"start":{"line":39,"column":3},"end":{"line":39,"column":28}},"1":{"start":{"line":43,"column":3},"end":{"line":43,"column":25}},"2":{"start":{"line":45,"column":4},"end":{"line":97,"column":6}}},"fnMap":{"0":{"name":"buildDocuments","decl":{"start":{"line":35,"column":16},"end":{"line":35,"column":30}},"loc":{"start":{"line":35,"column":37},"end":{"line":99,"column":1}},"line":35}},"branchMap":{},"s":{"0":3000,"1":3000,"2":3000},"f":{"0":3000},"b":{},"meta":{"lastBranch":0,"lastFunction":1,"lastStatement":3,"seen":{"f:35:16:35:30":0,"s:39:3:39:28":0,"s:43:3:43:25":1,"s:45:4:97:6":2},"fnNames":{}}}
,"C:\\Users\\Mar7G\\Desktop\\Proyecto_SmartLogix\\frontend-admin\\src\\data\\operations\\generator\\ids.js": {"path":"C:\\Users\\Mar7G\\Desktop\\Proyecto_SmartLogix\\frontend-admin\\src\\data\\operations\\generator\\ids.js","statementMap":{"0":{"start":{"line":11,"column":13},"end":{"line":11,"column":17}},"1":{"start":{"line":15,"column":4},"end":{"line":15,"column":48}},"2":{"start":{"line":21,"column":4},"end":{"line":21,"column":39}},"3":{"start":{"line":27,"column":4},"end":{"line":27,"column":39}},"4":{"start":{"line":33,"column":4},"end":{"line":33,"column":39}},"5":{"start":{"line":39,"column":4},"end":{"line":39,"column":46}},"6":{"start":{"line":45,"column":4},"end":{"line":45,"column":39}},"7":{"start":{"line":51,"column":4},"end":{"line":51,"column":38}},"8":{"start":{"line":57,"column":4},"end":{"line":57,"column":39}},"9":{"start":{"line":63,"column":4},"end":{"line":63,"column":101}}},"fnMap":{"0":{"name":"pad","decl":{"start":{"line":13,"column":9},"end":{"line":13,"column":12}},"loc":{"start":{"line":13,"column":33},"end":{"line":17,"column":1}},"line":13},"1":{"name":"generateTraceId","decl":{"start":{"line":19,"column":16},"end":{"line":19,"column":31}},"loc":{"start":{"line":19,"column":39},"end":{"line":23,"column":1}},"line":19},"2":{"name":"generateOrderId","decl":{"start":{"line":25,"column":16},"end":{"line":25,"column":31}},"loc":{"start":{"line":25,"column":39},"end":{"line":29,"column":1}},"line":25},"3":{"name":"generateShipmentId","decl":{"start":{"line":31,"column":16},"end":{"line":31,"column":34}},"loc":{"start":{"line":31,"column":42},"end":{"line":35,"column":1}},"line":31},"4":{"name":"generateTrackingId","decl":{"start":{"line":37,"column":16},"end":{"line":37,"column":34}},"loc":{"start":{"line":37,"column":42},"end":{"line":41,"column":1}},"line":37},"5":{"name":"generateInvoiceId","decl":{"start":{"line":43,"column":16},"end":{"line":43,"column":33}},"loc":{"start":{"line":43,"column":41},"end":{"line":47,"column":1}},"line":43},"6":{"name":"generateCreditNoteId","decl":{"start":{"line":49,"column":16},"end":{"line":49,"column":36}},"loc":{"start":{"line":49,"column":44},"end":{"line":53,"column":1}},"line":49},"7":{"name":"generateShippingLabelId","decl":{"start":{"line":55,"column":16},"end":{"line":55,"column":39}},"loc":{"start":{"line":55,"column":47},"end":{"line":59,"column":1}},"line":55},"8":{"name":"generateUnifiedId","decl":{"start":{"line":61,"column":16},"end":{"line":61,"column":33}},"loc":{"start":{"line":61,"column":40},"end":{"line":65,"column":null}},"line":61}},"branchMap":{"0":{"loc":{"start":{"line":13,"column":21},"end":{"line":13,"column":31}},"type":"default-arg","locations":[{"start":{"line":13,"column":30},"end":{"line":13,"column":31}}],"line":13}},"s":{"0":1,"1":30000,"2":3000,"3":3000,"4":3000,"5":3000,"6":6000,"7":6000,"8":6000,"9":0},"f":{"0":30000,"1":3000,"2":3000,"3":3000,"4":3000,"5":6000,"6":6000,"7":6000,"8":0},"b":{"0":[30000]},"meta":{"lastBranch":1,"lastFunction":9,"lastStatement":10,"seen":{"s:11:13:11:17":0,"f:13:9:13:12":0,"b:13:30:13:31":0,"s:15:4:15:48":1,"f:19:16:19:31":1,"s:21:4:21:39":2,"f:25:16:25:31":2,"s:27:4:27:39":3,"f:31:16:31:34":3,"s:33:4:33:39":4,"f:37:16:37:34":4,"s:39:4:39:46":5,"f:43:16:43:33":5,"s:45:4:45:39":6,"f:49:16:49:36":6,"s:51:4:51:38":7,"f:55:16:55:39":7,"s:57:4:57:39":8,"f:61:16:61:33":8,"s:63:4:63:101":9},"fnNames":{}}}
,"C:\\Users\\Mar7G\\Desktop\\Proyecto_SmartLogix\\frontend-admin\\src\\data\\operations\\generator\\incidentEngine.js": {"path":"C:\\Users\\Mar7G\\Desktop\\Proyecto_SmartLogix\\frontend-admin\\src\\data\\operations\\generator\\incidentEngine.js","statementMap":{"0":{"start":{"line":21,"column":15},"end":{"line":21,"column":17}},"1":{"start":{"line":23,"column":4},"end":{"line":47,"column":5}},"2":{"start":{"line":31,"column":7},"end":{"line":31,"column":27}},"3":{"start":{"line":33,"column":8},"end":{"line":45,"column":11}},"4":{"start":{"line":49,"column":4},"end":{"line":49,"column":16}},"5":{"start":{"line":59,"column":4},"end":{"line":59,"column":30}},"6":{"start":{"line":69,"column":4},"end":{"line":69,"column":28}}},"fnMap":{"0":{"name":"buildIncidents","decl":{"start":{"line":19,"column":16},"end":{"line":19,"column":30}},"loc":{"start":{"line":19,"column":32},"end":{"line":51,"column":1}},"line":19},"1":{"name":"hasIncidents","decl":{"start":{"line":53,"column":16},"end":{"line":53,"column":28}},"loc":{"start":{"line":57,"column":1},"end":{"line":61,"column":1}},"line":57},"2":{"name":"incidentCount","decl":{"start":{"line":63,"column":16},"end":{"line":63,"column":29}},"loc":{"start":{"line":67,"column":1},"end":{"line":71,"column":1}},"line":67}},"branchMap":{"0":{"loc":{"start":{"line":23,"column":4},"end":{"line":47,"column":5}},"type":"if","locations":[{"start":{"line":23,"column":4},"end":{"line":47,"column":5}},{"start":{},"end":{}}],"line":23}},"s":{"0":3000,"1":3000,"2":344,"3":344,"4":3000,"5":0,"6":0},"f":{"0":3000,"1":0,"2":0},"b":{"0":[344,2656]},"meta":{"lastBranch":1,"lastFunction":3,"lastStatement":7,"seen":{"f:19:16:19:30":0,"s:21:15:21:17":0,"b:23:4:47:5:undefined:undefined:undefined:undefined":0,"s:23:4:47:5":1,"s:31:7:31:27":2,"s:33:8:45:11":3,"s:49:4:49:16":4,"f:53:16:53:28":1,"s:59:4:59:30":5,"f:63:16:63:29":2,"s:69:4:69:28":6},"fnNames":{}}}
,"C:\\Users\\Mar7G\\Desktop\\Proyecto_SmartLogix\\frontend-admin\\src\\data\\operations\\generator\\index.js": {"path":"C:\\Users\\Mar7G\\Desktop\\Proyecto_SmartLogix\\frontend-admin\\src\\data\\operations\\generator\\index.js","statementMap":{},"fnMap":{},"branchMap":{},"s":{},"f":{},"b":{},"meta":{"lastBranch":0,"lastFunction":0,"lastStatement":0,"seen":{},"fnNames":{}}}
,"C:\\Users\\Mar7G\\Desktop\\Proyecto_SmartLogix\\frontend-admin\\src\\data\\operations\\generator\\notifications.js": {"path":"C:\\Users\\Mar7G\\Desktop\\Proyecto_SmartLogix\\frontend-admin\\src\\data\\operations\\generator\\notifications.js","statementMap":{"0":{"start":{"line":27,"column":4},"end":{"line":57,"column":6}},"1":{"start":{"line":67,"column":4},"end":{"line":119,"column":6}},"2":{"start":{"line":129,"column":4},"end":{"line":139,"column":6}}},"fnMap":{"0":{"name":"buildNotifications","decl":{"start":{"line":25,"column":16},"end":{"line":25,"column":34}},"loc":{"start":{"line":25,"column":36},"end":{"line":59,"column":1}},"line":25},"1":{"name":"notificationSummary","decl":{"start":{"line":61,"column":16},"end":{"line":61,"column":35}},"loc":{"start":{"line":65,"column":1},"end":{"line":121,"column":1}},"line":65},"2":{"name":"hasAnyNotification","decl":{"start":{"line":123,"column":16},"end":{"line":123,"column":34}},"loc":{"start":{"line":127,"column":1},"end":{"line":141,"column":1}},"line":127}},"branchMap":{"0":{"loc":{"start":{"line":131,"column":8},"end":{"line":137,"column":34}},"type":"binary-expr","locations":[{"start":{"line":131,"column":8},"end":{"line":131,"column":31}},{"start":{"line":133,"column":8},"end":{"line":133,"column":29}},{"start":{"line":135,"column":8},"end":{"line":135,"column":30}},{"start":{"line":137,"column":8},"end":{"line":137,"column":34}}],"line":131}},"s":{"0":3000,"1":0,"2":0},"f":{"0":3000,"1":0,"2":0},"b":{"0":[0,0,0,0]},"meta":{"lastBranch":1,"lastFunction":3,"lastStatement":3,"seen":{"f:25:16:25:34":0,"s:27:4:57:6":0,"f:61:16:61:35":1,"s:67:4:119:6":1,"f:123:16:123:34":2,"s:129:4:139:6":2,"b:131:8:131:31:133:8:133:29:135:8:135:30:137:8:137:34":0},"fnNames":{}}}
,"C:\\Users\\Mar7G\\Desktop\\Proyecto_SmartLogix\\frontend-admin\\src\\data\\operations\\generator\\random.js": {"path":"C:\\Users\\Mar7G\\Desktop\\Proyecto_SmartLogix\\frontend-admin\\src\\data\\operations\\generator\\random.js","statementMap":{"0":{"start":{"line":13,"column":4},"end":{"line":19,"column":10}},"1":{"start":{"line":33,"column":4},"end":{"line":45,"column":6}},"2":{"start":{"line":55,"column":4},"end":{"line":55,"column":38}},"3":{"start":{"line":61,"column":4},"end":{"line":71,"column":6}},"4":{"start":{"line":77,"column":4},"end":{"line":83,"column":6}},"5":{"start":{"line":89,"column":16},"end":{"line":89,"column":29}},"6":{"start":{"line":91,"column":4},"end":{"line":95,"column":5}},"7":{"start":{"line":93,"column":8},"end":{"line":93,"column":22}},"8":{"start":{"line":97,"column":4},"end":{"line":101,"column":5}},"9":{"start":{"line":99,"column":8},"end":{"line":99,"column":23}},"10":{"start":{"line":103,"column":4},"end":{"line":103,"column":18}},"11":{"start":{"line":109,"column":4},"end":{"line":113,"column":19}},"12":{"start":{"line":119,"column":4},"end":{"line":133,"column":7}},"13":{"start":{"line":139,"column":4},"end":{"line":151,"column":7}},"14":{"start":{"line":157,"column":4},"end":{"line":171,"column":7}},"15":{"start":{"line":177,"column":4},"end":{"line":183,"column":6}},"16":{"start":{"line":189,"column":4},"end":{"line":189,"column":40}}},"fnMap":{"0":{"name":"random","decl":{"start":{"line":11,"column":16},"end":{"line":11,"column":22}},"loc":{"start":{"line":11,"column":31},"end":{"line":21,"column":1}},"line":11},"1":{"name":"randomFloat","decl":{"start":{"line":23,"column":16},"end":{"line":23,"column":27}},"loc":{"start":{"line":31,"column":1},"end":{"line":47,"column":1}},"line":31},"2":{"name":"randomBoolean","decl":{"start":{"line":49,"column":16},"end":{"line":49,"column":29}},"loc":{"start":{"line":53,"column":1},"end":{"line":57,"column":1}},"line":53},"3":{"name":"randomItem","decl":{"start":{"line":59,"column":16},"end":{"line":59,"column":26}},"loc":{"start":{"line":59,"column":33},"end":{"line":73,"column":1}},"line":59},"4":{"name":"randomQuantity","decl":{"start":{"line":75,"column":16},"end":{"line":75,"column":30}},"loc":{"start":{"line":75,"column":32},"end":{"line":85,"column":1}},"line":75},"5":{"name":"randomPriority","decl":{"start":{"line":87,"column":16},"end":{"line":87,"column":30}},"loc":{"start":{"line":87,"column":32},"end":{"line":105,"column":1}},"line":87},"6":{"name":"randomShippingService","decl":{"start":{"line":107,"column":16},"end":{"line":107,"column":37}},"loc":{"start":{"line":107,"column":39},"end":{"line":115,"column":1}},"line":107},"7":{"name":"randomOrderStatus","decl":{"start":{"line":117,"column":16},"end":{"line":117,"column":33}},"loc":{"start":{"line":117,"column":35},"end":{"line":135,"column":1}},"line":117},"8":{"name":"randomPaymentMethod","decl":{"start":{"line":137,"column":16},"end":{"line":137,"column":35}},"loc":{"start":{"line":137,"column":37},"end":{"line":153,"column":1}},"line":137},"9":{"name":"randomDiscount","decl":{"start":{"line":155,"column":16},"end":{"line":155,"column":30}},"loc":{"start":{"line":155,"column":32},"end":{"line":173,"column":1}},"line":155},"10":{"name":"randomProcessingTime","decl":{"start":{"line":175,"column":16},"end":{"line":175,"column":36}},"loc":{"start":{"line":175,"column":38},"end":{"line":185,"column":1}},"line":175},"11":{"name":"probability","decl":{"start":{"line":187,"column":16},"end":{"line":187,"column":27}},"loc":{"start":{"line":187,"column":36},"end":{"line":191,"column":null}},"line":187}},"branchMap":{"0":{"loc":{"start":{"line":29,"column":4},"end":{"line":29,"column":14}},"type":"default-arg","locations":[{"start":{"line":29,"column":13},"end":{"line":29,"column":14}}],"line":29},"1":{"loc":{"start":{"line":51,"column":4},"end":{"line":51,"column":19}},"type":"default-arg","locations":[{"start":{"line":51,"column":16},"end":{"line":51,"column":19}}],"line":51},"2":{"loc":{"start":{"line":91,"column":4},"end":{"line":95,"column":5}},"type":"if","locations":[{"start":{"line":91,"column":4},"end":{"line":95,"column":5}},{"start":{},"end":{}}],"line":91},"3":{"loc":{"start":{"line":97,"column":4},"end":{"line":101,"column":5}},"type":"if","locations":[{"start":{"line":97,"column":4},"end":{"line":101,"column":5}},{"start":{},"end":{}}],"line":97},"4":{"loc":{"start":{"line":109,"column":11},"end":{"line":113,"column":18}},"type":"cond-expr","locations":[{"start":{"line":111,"column":10},"end":{"line":111,"column":19}},{"start":{"line":113,"column":10},"end":{"line":113,"column":18}}],"line":109}},"s":{"0":33000,"1":0,"2":3000,"3":3000,"4":3000,"5":3000,"6":3000,"7":589,"8":2411,"9":1542,"10":869,"11":3000,"12":0,"13":0,"14":3000,"15":24000,"16":18000},"f":{"0":33000,"1":0,"2":3000,"3":3000,"4":3000,"5":3000,"6":3000,"7":0,"8":0,"9":3000,"10":24000,"11":18000},"b":{"0":[0],"1":[3000],"2":[589,2411],"3":[1542,869],"4":[940,2060]},"meta":{"lastBranch":5,"lastFunction":12,"lastStatement":17,"seen":{"f:11:16:11:22":0,"s:13:4:19:10":0,"f:23:16:23:27":1,"b:29:13:29:14":0,"s:33:4:45:6":1,"f:49:16:49:29":2,"b:51:16:51:19":1,"s:55:4:55:38":2,"f:59:16:59:26":3,"s:61:4:71:6":3,"f:75:16:75:30":4,"s:77:4:83:6":4,"f:87:16:87:30":5,"s:89:16:89:29":5,"b:91:4:95:5:undefined:undefined:undefined:undefined":2,"s:91:4:95:5":6,"s:93:8:93:22":7,"b:97:4:101:5:undefined:undefined:undefined:undefined":3,"s:97:4:101:5":8,"s:99:8:99:23":9,"s:103:4:103:18":10,"f:107:16:107:37":6,"s:109:4:113:19":11,"b:111:10:111:19:113:10:113:18":4,"f:117:16:117:33":7,"s:119:4:133:7":12,"f:137:16:137:35":8,"s:139:4:151:7":13,"f:155:16:155:30":9,"s:157:4:171:7":14,"f:175:16:175:36":10,"s:177:4:183:6":15,"f:187:16:187:27":11,"s:189:4:189:40":16},"fnNames":{}}}
,"C:\\Users\\Mar7G\\Desktop\\Proyecto_SmartLogix\\frontend-admin\\src\\data\\operations\\generator\\shipment.js": {"path":"C:\\Users\\Mar7G\\Desktop\\Proyecto_SmartLogix\\frontend-admin\\src\\data\\operations\\generator\\shipment.js","statementMap":{"0":{"start":{"line":41,"column":3},"end":{"line":41,"column":22}},"1":{"start":{"line":45,"column":3},"end":{"line":45,"column":27}},"2":{"start":{"line":49,"column":8},"end":{"line":57,"column":9}},"3":{"start":{"line":59,"column":4},"end":{"line":107,"column":6}},"4":{"start":{"line":119,"column":4},"end":{"line":121,"column":11}},"5":{"start":{"line":123,"column":4},"end":{"line":163,"column":5}},"6":{"start":{"line":127,"column":12},"end":{"line":129,"column":32}},"7":{"start":{"line":131,"column":8},"end":{"line":131,"column":14}},"8":{"start":{"line":135,"column":12},"end":{"line":137,"column":26}},"9":{"start":{"line":139,"column":8},"end":{"line":139,"column":14}},"10":{"start":{"line":143,"column":12},"end":{"line":145,"column":25}},"11":{"start":{"line":147,"column":8},"end":{"line":147,"column":14}},"12":{"start":{"line":151,"column":12},"end":{"line":153,"column":24}},"13":{"start":{"line":155,"column":8},"end":{"line":155,"column":14}},"14":{"start":{"line":159,"column":12},"end":{"line":161,"column":25}},"15":{"start":{"line":165,"column":4},"end":{"line":165,"column":20}}},"fnMap":{"0":{"name":"buildShipment","decl":{"start":{"line":37,"column":16},"end":{"line":37,"column":29}},"loc":{"start":{"line":37,"column":39},"end":{"line":109,"column":1}},"line":37},"1":{"name":"advanceShipment","decl":{"start":{"line":111,"column":16},"end":{"line":111,"column":31}},"loc":{"start":{"line":117,"column":1},"end":{"line":167,"column":1}},"line":117}},"branchMap":{"0":{"loc":{"start":{"line":37,"column":30},"end":{"line":37,"column":38}},"type":"default-arg","locations":[{"start":{"line":37,"column":37},"end":{"line":37,"column":38}}],"line":37},"1":{"loc":{"start":{"line":123,"column":4},"end":{"line":163,"column":5}},"type":"switch","locations":[{"start":{"line":125,"column":8},"end":{"line":131,"column":14}},{"start":{"line":133,"column":8},"end":{"line":139,"column":14}},{"start":{"line":141,"column":8},"end":{"line":147,"column":14}},{"start":{"line":149,"column":8},"end":{"line":155,"column":14}},{"start":{"line":157,"column":8},"end":{"line":161,"column":25}}],"line":123}},"s":{"0":3000,"1":3000,"2":3000,"3":3000,"4":0,"5":0,"6":0,"7":0,"8":0,"9":0,"10":0,"11":0,"12":0,"13":0,"14":0,"15":0},"f":{"0":3000,"1":0},"b":{"0":[3000],"1":[0,0,0,0,0]},"meta":{"lastBranch":2,"lastFunction":2,"lastStatement":16,"seen":{"f:37:16:37:29":0,"b:37:37:37:38":0,"s:41:3:41:22":0,"s:45:3:45:27":1,"s:49:8:57:9":2,"s:59:4:107:6":3,"f:111:16:111:31":1,"s:119:4:121:11":4,"b:125:8:131:14:133:8:139:14:141:8:147:14:149:8:155:14:157:8:161:25":1,"s:123:4:163:5":5,"s:127:12:129:32":6,"s:131:8:131:14":7,"s:135:12:137:26":8,"s:139:8:139:14":9,"s:143:12:145:25":10,"s:147:8:147:14":11,"s:151:12:153:24":12,"s:155:8:155:14":13,"s:159:12:161:25":14,"s:165:4:165:20":15},"fnNames":{}}}
,"C:\\Users\\Mar7G\\Desktop\\Proyecto_SmartLogix\\frontend-admin\\src\\data\\operations\\generator\\simulator.js": {"path":"C:\\Users\\Mar7G\\Desktop\\Proyecto_SmartLogix\\frontend-admin\\src\\data\\operations\\generator\\simulator.js","statementMap":{"0":{"start":{"line":17,"column":27},"end":{"line":17,"column":30}},"1":{"start":{"line":19,"column":17},"end":{"line":19,"column":19}},"2":{"start":{"line":33,"column":4},"end":{"line":33,"column":20}},"3":{"start":{"line":35,"column":4},"end":{"line":43,"column":5}},"4":{"start":{"line":35,"column":17},"end":{"line":35,"column":18}},"5":{"start":{"line":37,"column":8},"end":{"line":41,"column":10}},"6":{"start":{"line":45,"column":4},"end":{"line":45,"column":22}},"7":{"start":{"line":57,"column":4},"end":{"line":57,"column":22}},"8":{"start":{"line":69,"column":4},"end":{"line":75,"column":6}},"9":{"start":{"line":73,"column":8},"end":{"line":73,"column":41}},"10":{"start":{"line":87,"column":4},"end":{"line":93,"column":6}},"11":{"start":{"line":91,"column":8},"end":{"line":91,"column":39}},"12":{"start":{"line":105,"column":4},"end":{"line":111,"column":6}},"13":{"start":{"line":109,"column":8},"end":{"line":109,"column":45}},"14":{"start":{"line":127,"column":4},"end":{"line":133,"column":6}},"15":{"start":{"line":131,"column":8},"end":{"line":131,"column":49}},"16":{"start":{"line":147,"column":4},"end":{"line":155,"column":5}},"17":{"start":{"line":151,"column":8},"end":{"line":153,"column":36}},"18":{"start":{"line":157,"column":4},"end":{"line":167,"column":5}},"19":{"start":{"line":165,"column":8},"end":{"line":165,"column":21}},"20":{"start":{"line":171,"column":4},"end":{"line":171,"column":23}},"21":{"start":{"line":173,"column":4},"end":{"line":175,"column":13}},"22":{"start":{"line":177,"column":4},"end":{"line":179,"column":14}},"23":{"start":{"line":181,"column":4},"end":{"line":183,"column":13}},"24":{"start":{"line":185,"column":4},"end":{"line":187,"column":14}},"25":{"start":{"line":189,"column":4},"end":{"line":201,"column":6}},"26":{"start":{"line":203,"column":4},"end":{"line":203,"column":17}},"27":{"start":{"line":218,"column":4},"end":{"line":226,"column":5}},"28":{"start":{"line":224,"column":8},"end":{"line":224,"column":15}},"29":{"start":{"line":230,"column":4},"end":{"line":234,"column":7}},"30":{"start":{"line":236,"column":4},"end":{"line":262,"column":5}},"31":{"start":{"line":238,"column":14},"end":{"line":238,"column":15}},"32":{"start":{"line":248,"column":8},"end":{"line":254,"column":9}},"33":{"start":{"line":256,"column":8},"end":{"line":260,"column":10}},"34":{"start":{"line":274,"column":16},"end":{"line":288,"column":5}},"35":{"start":{"line":290,"column":4},"end":{"line":340,"column":6}},"36":{"start":{"line":294,"column":12},"end":{"line":304,"column":13}},"37":{"start":{"line":302,"column":16},"end":{"line":302,"column":34}},"38":{"start":{"line":306,"column":12},"end":{"line":316,"column":13}},"39":{"start":{"line":314,"column":16},"end":{"line":314,"column":34}},"40":{"start":{"line":318,"column":12},"end":{"line":326,"column":13}},"41":{"start":{"line":324,"column":16},"end":{"line":324,"column":34}},"42":{"start":{"line":328,"column":12},"end":{"line":336,"column":13}},"43":{"start":{"line":334,"column":16},"end":{"line":334,"column":31}},"44":{"start":{"line":342,"column":4},"end":{"line":342,"column":17}},"45":{"start":{"line":357,"column":4},"end":{"line":357,"column":22}},"46":{"start":{"line":359,"column":4},"end":{"line":407,"column":6}},"47":{"start":{"line":363,"column":12},"end":{"line":403,"column":14}},"48":{"start":{"line":420,"column":4},"end":{"line":420,"column":18}},"49":{"start":{"line":422,"column":4},"end":{"line":422,"column":24}},"50":{"start":{"line":426,"column":0},"end":{"line":426,"column":20}}},"fnMap":{"0":{"name":"initializeCompany","decl":{"start":{"line":27,"column":16},"end":{"line":27,"column":33}},"loc":{"start":{"line":31,"column":2},"end":{"line":47,"column":1}},"line":31},"1":{"name":"getOperations","decl":{"start":{"line":55,"column":16},"end":{"line":55,"column":29}},"loc":{"start":{"line":55,"column":32},"end":{"line":59,"column":1}},"line":55},"2":{"name":"getTrace","decl":{"start":{"line":67,"column":16},"end":{"line":67,"column":24}},"loc":{"start":{"line":67,"column":34},"end":{"line":77,"column":1}},"line":67},"3":{"name":"(anonymous_3)","decl":{"start":{"line":71,"column":8},"end":{"line":71,"column":17}},"loc":{"start":{"line":73,"column":8},"end":{"line":73,"column":41}},"line":73},"4":{"name":"getOrder","decl":{"start":{"line":85,"column":16},"end":{"line":85,"column":24}},"loc":{"start":{"line":85,"column":33},"end":{"line":95,"column":1}},"line":85},"5":{"name":"(anonymous_5)","decl":{"start":{"line":89,"column":8},"end":{"line":89,"column":17}},"loc":{"start":{"line":91,"column":8},"end":{"line":91,"column":39}},"line":91},"6":{"name":"getShipment","decl":{"start":{"line":103,"column":16},"end":{"line":103,"column":27}},"loc":{"start":{"line":103,"column":39},"end":{"line":113,"column":1}},"line":103},"7":{"name":"(anonymous_7)","decl":{"start":{"line":107,"column":8},"end":{"line":107,"column":17}},"loc":{"start":{"line":109,"column":8},"end":{"line":109,"column":45}},"line":109},"8":{"name":"getOperationsByModule","decl":{"start":{"line":121,"column":16},"end":{"line":121,"column":37}},"loc":{"start":{"line":125,"column":1},"end":{"line":135,"column":1}},"line":125},"9":{"name":"(anonymous_9)","decl":{"start":{"line":129,"column":8},"end":{"line":129,"column":17}},"loc":{"start":{"line":131,"column":8},"end":{"line":131,"column":49}},"line":131},"10":{"name":"advanceOperation","decl":{"start":{"line":143,"column":16},"end":{"line":143,"column":32}},"loc":{"start":{"line":143,"column":39},"end":{"line":205,"column":1}},"line":143},"11":{"name":"(anonymous_11)","decl":{"start":{"line":149,"column":8},"end":{"line":149,"column":12}},"loc":{"start":{"line":151,"column":8},"end":{"line":153,"column":36}},"line":151},"12":{"name":"simulateTick","decl":{"start":{"line":216,"column":16},"end":{"line":216,"column":28}},"loc":{"start":{"line":216,"column":30},"end":{"line":264,"column":1}},"line":216},"13":{"name":"getStatistics","decl":{"start":{"line":272,"column":16},"end":{"line":272,"column":29}},"loc":{"start":{"line":272,"column":31},"end":{"line":344,"column":1}},"line":272},"14":{"name":"(anonymous_14)","decl":{"start":{"line":292,"column":8},"end":{"line":292,"column":17}},"loc":{"start":{"line":292,"column":19},"end":{"line":338,"column":9}},"line":292},"15":{"name":"search","decl":{"start":{"line":353,"column":16},"end":{"line":353,"column":22}},"loc":{"start":{"line":353,"column":28},"end":{"line":409,"column":1}},"line":353},"16":{"name":"(anonymous_16)","decl":{"start":{"line":361,"column":8},"end":{"line":361,"column":17}},"loc":{"start":{"line":361,"column":19},"end":{"line":405,"column":9}},"line":361},"17":{"name":"resetSimulation","decl":{"start":{"line":418,"column":16},"end":{"line":418,"column":31}},"loc":{"start":{"line":418,"column":33},"end":{"line":424,"column":1}},"line":418}},"branchMap":{"0":{"loc":{"start":{"line":29,"column":4},"end":{"line":29,"column":30}},"type":"default-arg","locations":[{"start":{"line":29,"column":12},"end":{"line":29,"column":30}}],"line":29},"1":{"loc":{"start":{"line":157,"column":4},"end":{"line":167,"column":5}},"type":"if","locations":[{"start":{"line":157,"column":4},"end":{"line":167,"column":5}},{"start":{},"end":{}}],"line":157},"2":{"loc":{"start":{"line":159,"column":8},"end":{"line":161,"column":35}},"type":"binary-expr","locations":[{"start":{"line":159,"column":8},"end":{"line":159,"column":20}},{"start":{"line":161,"column":8},"end":{"line":161,"column":35}}],"line":159},"3":{"loc":{"start":{"line":218,"column":4},"end":{"line":226,"column":5}},"type":"if","locations":[{"start":{"line":218,"column":4},"end":{"line":226,"column":5}},{"start":{},"end":{}}],"line":218},"4":{"loc":{"start":{"line":294,"column":12},"end":{"line":304,"column":13}},"type":"if","locations":[{"start":{"line":294,"column":12},"end":{"line":304,"column":13}},{"start":{},"end":{}}],"line":294},"5":{"loc":{"start":{"line":306,"column":12},"end":{"line":316,"column":13}},"type":"if","locations":[{"start":{"line":306,"column":12},"end":{"line":316,"column":13}},{"start":{},"end":{}}],"line":306},"6":{"loc":{"start":{"line":318,"column":12},"end":{"line":326,"column":13}},"type":"if","locations":[{"start":{"line":318,"column":12},"end":{"line":326,"column":13}},{"start":{},"end":{}}],"line":318},"7":{"loc":{"start":{"line":328,"column":12},"end":{"line":336,"column":13}},"type":"if","locations":[{"start":{"line":328,"column":12},"end":{"line":336,"column":13}},{"start":{},"end":{}}],"line":328},"8":{"loc":{"start":{"line":365,"column":16},"end":{"line":401,"column":32}},"type":"binary-expr","locations":[{"start":{"line":365,"column":16},"end":{"line":369,"column":32}},{"start":{"line":373,"column":16},"end":{"line":377,"column":32}},{"start":{"line":381,"column":16},"end":{"line":385,"column":32}},{"start":{"line":389,"column":16},"end":{"line":393,"column":32}},{"start":{"line":397,"column":16},"end":{"line":401,"column":32}}],"line":365}},"s":{"0":1,"1":1,"2":12,"3":12,"4":12,"5":3000,"6":12,"7":4,"8":0,"9":0,"10":0,"11":0,"12":0,"13":0,"14":0,"15":0,"16":13,"17":14,"18":13,"19":0,"20":13,"21":13,"22":13,"23":13,"24":13,"25":13,"26":13,"27":1,"28":0,"29":1,"30":1,"31":1,"32":13,"33":13,"34":1,"35":1,"36":250,"37":0,"38":250,"39":0,"40":250,"41":30,"42":250,"43":242,"44":1,"45":0,"46":0,"47":0,"48":5,"49":5,"50":1},"f":{"0":12,"1":4,"2":0,"3":0,"4":0,"5":0,"6":0,"7":0,"8":0,"9":0,"10":13,"11":14,"12":1,"13":1,"14":250,"15":0,"16":0,"17":5},"b":{"0":[12],"1":[0,13],"2":[13,13],"3":[0,1],"4":[0,250],"5":[0,250],"6":[30,220],"7":[242,8],"8":[0,0,0,0,0]},"meta":{"lastBranch":9,"lastFunction":18,"lastStatement":51,"seen":{"s:17:27:17:30":0,"s:19:17:19:19":1,"f:27:16:27:33":0,"b:29:12:29:30":0,"s:33:4:33:20":2,"s:35:4:43:5":3,"s:35:17:35:18":4,"s:37:8:41:10":5,"s:45:4:45:22":6,"f:55:16:55:29":1,"s:57:4:57:22":7,"f:67:16:67:24":2,"s:69:4:75:6":8,"f:71:8:71:17":3,"s:73:8:73:41":9,"f:85:16:85:24":4,"s:87:4:93:6":10,"f:89:8:89:17":5,"s:91:8:91:39":11,"f:103:16:103:27":6,"s:105:4:111:6":12,"f:107:8:107:17":7,"s:109:8:109:45":13,"f:121:16:121:37":8,"s:127:4:133:6":14,"f:129:8:129:17":9,"s:131:8:131:49":15,"f:143:16:143:32":10,"s:147:4:155:5":16,"f:149:8:149:12":11,"s:151:8:153:36":17,"b:157:4:167:5:undefined:undefined:undefined:undefined":1,"s:157:4:167:5":18,"b:159:8:159:20:161:8:161:35":2,"s:165:8:165:21":19,"s:171:4:171:23":20,"s:173:4:175:13":21,"s:177:4:179:14":22,"s:181:4:183:13":23,"s:185:4:187:14":24,"s:189:4:201:6":25,"s:203:4:203:17":26,"f:216:16:216:28":12,"b:218:4:226:5:undefined:undefined:undefined:undefined":3,"s:218:4:226:5":27,"s:224:8:224:15":28,"s:230:4:234:7":29,"s:236:4:262:5":30,"s:238:14:238:15":31,"s:248:8:254:9":32,"s:256:8:260:10":33,"f:272:16:272:29":13,"s:274:16:288:5":34,"s:290:4:340:6":35,"f:292:8:292:17":14,"b:294:12:304:13:undefined:undefined:undefined:undefined":4,"s:294:12:304:13":36,"s:302:16:302:34":37,"b:306:12:316:13:undefined:undefined:undefined:undefined":5,"s:306:12:316:13":38,"s:314:16:314:34":39,"b:318:12:326:13:undefined:undefined:undefined:undefined":6,"s:318:12:326:13":40,"s:324:16:324:34":41,"b:328:12:336:13:undefined:undefined:undefined:undefined":7,"s:328:12:336:13":42,"s:334:16:334:31":43,"s:342:4:342:17":44,"f:353:16:353:22":15,"s:357:4:357:22":45,"s:359:4:407:6":46,"f:361:8:361:17":16,"s:363:12:403:14":47,"b:365:16:369:32:373:16:377:32:381:16:385:32:389:16:393:32:397:16:401:32":8,"f:418:16:418:31":17,"s:420:4:420:18":48,"s:422:4:422:24":49,"s:426:0:426:20":50},"fnNames":{}}}
,"C:\\Users\\Mar7G\\Desktop\\Proyecto_SmartLogix\\frontend-admin\\src\\data\\operations\\generator\\timeline.js": {"path":"C:\\Users\\Mar7G\\Desktop\\Proyecto_SmartLogix\\frontend-admin\\src\\data\\operations\\generator\\timeline.js","statementMap":{"0":{"start":{"line":37,"column":17},"end":{"line":37,"column":19}},"1":{"start":{"line":39,"column":12},"end":{"line":39,"column":25}},"2":{"start":{"line":41,"column":4},"end":{"line":83,"column":7}},"3":{"start":{"line":45,"column":7},"end":{"line":45,"column":27}},"4":{"start":{"line":47,"column":8},"end":{"line":53,"column":10}},"5":{"start":{"line":55,"column":8},"end":{"line":81,"column":11}},"6":{"start":{"line":85,"column":4},"end":{"line":85,"column":18}},"7":{"start":{"line":91,"column":4},"end":{"line":95,"column":6}},"8":{"start":{"line":107,"column":4},"end":{"line":113,"column":6}},"9":{"start":{"line":111,"column":8},"end":{"line":111,"column":29}},"10":{"start":{"line":123,"column":4},"end":{"line":131,"column":5}},"11":{"start":{"line":129,"column":8},"end":{"line":129,"column":17}},"12":{"start":{"line":135,"column":4},"end":{"line":135,"column":25}},"13":{"start":{"line":139,"column":4},"end":{"line":143,"column":15}},"14":{"start":{"line":145,"column":4},"end":{"line":153,"column":6}}},"fnMap":{"0":{"name":"buildTimeline","decl":{"start":{"line":35,"column":16},"end":{"line":35,"column":29}},"loc":{"start":{"line":35,"column":31},"end":{"line":87,"column":1}},"line":35},"1":{"name":"(anonymous_1)","decl":{"start":{"line":41,"column":21},"end":{"line":41,"column":25}},"loc":{"start":{"line":41,"column":27},"end":{"line":83,"column":5}},"line":41},"2":{"name":"currentStep","decl":{"start":{"line":89,"column":16},"end":{"line":89,"column":27}},"loc":{"start":{"line":89,"column":37},"end":{"line":97,"column":1}},"line":89},"3":{"name":"getTimelineByModule","decl":{"start":{"line":99,"column":16},"end":{"line":99,"column":35}},"loc":{"start":{"line":105,"column":1},"end":{"line":115,"column":1}},"line":105},"4":{"name":"(anonymous_4)","decl":{"start":{"line":109,"column":8},"end":{"line":109,"column":13}},"loc":{"start":{"line":111,"column":8},"end":{"line":111,"column":29}},"line":111},"5":{"name":"timelineDuration","decl":{"start":{"line":117,"column":16},"end":{"line":117,"column":32}},"loc":{"start":{"line":121,"column":1},"end":{"line":155,"column":1}},"line":121}},"branchMap":{"0":{"loc":{"start":{"line":123,"column":4},"end":{"line":131,"column":5}},"type":"if","locations":[{"start":{"line":123,"column":4},"end":{"line":131,"column":5}},{"start":{},"end":{}}],"line":123}},"s":{"0":3000,"1":3000,"2":3000,"3":24000,"4":24000,"5":24000,"6":3000,"7":0,"8":0,"9":0,"10":0,"11":0,"12":0,"13":0,"14":0},"f":{"0":3000,"1":24000,"2":0,"3":0,"4":0,"5":0},"b":{"0":[0,0]},"meta":{"lastBranch":1,"lastFunction":6,"lastStatement":15,"seen":{"f:35:16:35:29":0,"s:37:17:37:19":0,"s:39:12:39:25":1,"s:41:4:83:7":2,"f:41:21:41:25":1,"s:45:7:45:27":3,"s:47:8:53:10":4,"s:55:8:81:11":5,"s:85:4:85:18":6,"f:89:16:89:27":2,"s:91:4:95:6":7,"f:99:16:99:35":3,"s:107:4:113:6":8,"f:109:8:109:13":4,"s:111:8:111:29":9,"f:117:16:117:32":5,"b:123:4:131:5:undefined:undefined:undefined:undefined":0,"s:123:4:131:5":10,"s:129:8:129:17":11,"s:135:4:135:25":12,"s:139:4:143:15":13,"s:145:4:153:6":14},"fnNames":{}}}
,"C:\\Users\\Mar7G\\Desktop\\Proyecto_SmartLogix\\frontend-admin\\src\\data\\operations\\generator\\traceBuilder.js": {"path":"C:\\Users\\Mar7G\\Desktop\\Proyecto_SmartLogix\\frontend-admin\\src\\data\\operations\\generator\\traceBuilder.js","statementMap":{"0":{"start":{"line":48,"column":15},"end":{"line":48,"column":34}},"1":{"start":{"line":50,"column":18},"end":{"line":50,"column":38}},"2":{"start":{"line":52,"column":17},"end":{"line":52,"column":36}},"3":{"start":{"line":54,"column":18},"end":{"line":54,"column":35}},"4":{"start":{"line":56,"column":18},"end":{"line":56,"column":35}},"5":{"start":{"line":60,"column":8},"end":{"line":62,"column":16}},"6":{"start":{"line":66,"column":8},"end":{"line":68,"column":22}},"7":{"start":{"line":72,"column":8},"end":{"line":74,"column":21}},"8":{"start":{"line":78,"column":7},"end":{"line":84,"column":9}},"9":{"start":{"line":94,"column":4},"end":{"line":96,"column":27}},"10":{"start":{"line":98,"column":4},"end":{"line":100,"column":27}},"11":{"start":{"line":102,"column":4},"end":{"line":104,"column":30}},"12":{"start":{"line":106,"column":4},"end":{"line":108,"column":30}},"13":{"start":{"line":110,"column":4},"end":{"line":112,"column":29}},"14":{"start":{"line":114,"column":4},"end":{"line":116,"column":32}},"15":{"start":{"line":118,"column":4},"end":{"line":120,"column":35}},"16":{"start":{"line":130,"column":4},"end":{"line":138,"column":6}},"17":{"start":{"line":148,"column":4},"end":{"line":164,"column":6}},"18":{"start":{"line":174,"column":4},"end":{"line":174,"column":28}},"19":{"start":{"line":175,"column":4},"end":{"line":175,"column":42}},"20":{"start":{"line":177,"column":4},"end":{"line":177,"column":40}},"21":{"start":{"line":179,"column":4},"end":{"line":179,"column":30}},"22":{"start":{"line":189,"column":4},"end":{"line":209,"column":6}},"23":{"start":{"line":219,"column":4},"end":{"line":221,"column":26}},"24":{"start":{"line":231,"column":4},"end":{"line":233,"column":25}},"25":{"start":{"line":243,"column":4},"end":{"line":245,"column":20}},"26":{"start":{"line":255,"column":4},"end":{"line":257,"column":20}},"27":{"start":{"line":267,"column":4},"end":{"line":269,"column":21}},"28":{"start":{"line":279,"column":4},"end":{"line":299,"column":6}},"29":{"start":{"line":309,"column":4},"end":{"line":325,"column":6}},"30":{"start":{"line":329,"column":4},"end":{"line":329,"column":17}}},"fnMap":{"0":{"name":"buildTrace","decl":{"start":{"line":46,"column":16},"end":{"line":46,"column":26}},"loc":{"start":{"line":46,"column":33},"end":{"line":331,"column":1}},"line":46}},"branchMap":{},"s":{"0":3000,"1":3000,"2":3000,"3":3000,"4":3000,"5":3000,"6":3000,"7":3000,"8":3000,"9":3000,"10":3000,"11":3000,"12":3000,"13":3000,"14":3000,"15":3000,"16":3000,"17":3000,"18":3000,"19":3000,"20":3000,"21":3000,"22":3000,"23":3000,"24":3000,"25":3000,"26":3000,"27":3000,"28":3000,"29":3000,"30":3000},"f":{"0":3000},"b":{},"meta":{"lastBranch":0,"lastFunction":1,"lastStatement":31,"seen":{"f:46:16:46:26":0,"s:48:15:48:34":0,"s:50:18:50:38":1,"s:52:17:52:36":2,"s:54:18:54:35":3,"s:56:18:56:35":4,"s:60:8:62:16":5,"s:66:8:68:22":6,"s:72:8:74:21":7,"s:78:7:84:9":8,"s:94:4:96:27":9,"s:98:4:100:27":10,"s:102:4:104:30":11,"s:106:4:108:30":12,"s:110:4:112:29":13,"s:114:4:116:32":14,"s:118:4:120:35":15,"s:130:4:138:6":16,"s:148:4:164:6":17,"s:174:4:174:28":18,"s:175:4:175:42":19,"s:177:4:177:40":20,"s:179:4:179:30":21,"s:189:4:209:6":22,"s:219:4:221:26":23,"s:231:4:233:25":24,"s:243:4:245:20":25,"s:255:4:257:20":26,"s:267:4:269:21":27,"s:279:4:299:6":28,"s:309:4:325:6":29,"s:329:4:329:17":30},"fnNames":{}}}
,"C:\\Users\\Mar7G\\Desktop\\Proyecto_SmartLogix\\frontend-admin\\src\\data\\operations\\generator\\workflowEngine.js": {"path":"C:\\Users\\Mar7G\\Desktop\\Proyecto_SmartLogix\\frontend-admin\\src\\data\\operations\\generator\\workflowEngine.js","statementMap":{"0":{"start":{"line":15,"column":4},"end":{"line":53,"column":6}},"1":{"start":{"line":39,"column":18},"end":{"line":39,"column":26}},"2":{"start":{"line":63,"column":4},"end":{"line":73,"column":6}},"3":{"start":{"line":83,"column":4},"end":{"line":87,"column":6}},"4":{"start":{"line":85,"column":14},"end":{"line":85,"column":28}}},"fnMap":{"0":{"name":"buildWorkflow","decl":{"start":{"line":13,"column":16},"end":{"line":13,"column":29}},"loc":{"start":{"line":13,"column":31},"end":{"line":55,"column":1}},"line":13},"1":{"name":"(anonymous_1)","decl":{"start":{"line":39,"column":12},"end":{"line":39,"column":16}},"loc":{"start":{"line":39,"column":18},"end":{"line":39,"column":26}},"line":39},"2":{"name":"workflowProgress","decl":{"start":{"line":57,"column":16},"end":{"line":57,"column":32}},"loc":{"start":{"line":61,"column":1},"end":{"line":75,"column":1}},"line":61},"3":{"name":"currentWorkflowStep","decl":{"start":{"line":77,"column":16},"end":{"line":77,"column":35}},"loc":{"start":{"line":81,"column":1},"end":{"line":89,"column":1}},"line":81},"4":{"name":"(anonymous_4)","decl":{"start":{"line":85,"column":8},"end":{"line":85,"column":12}},"loc":{"start":{"line":85,"column":14},"end":{"line":85,"column":28}},"line":85}},"branchMap":{},"s":{"0":3000,"1":24000,"2":0,"3":0,"4":0},"f":{"0":3000,"1":24000,"2":0,"3":0,"4":0},"b":{},"meta":{"lastBranch":0,"lastFunction":5,"lastStatement":5,"seen":{"f:13:16:13:29":0,"s:15:4:53:6":0,"f:39:12:39:16":1,"s:39:18:39:26":1,"f:57:16:57:32":2,"s:63:4:73:6":2,"f:77:16:77:35":3,"s:83:4:87:6":3,"f:85:8:85:12":4,"s:85:14:85:28":4},"fnNames":{}}}
,"C:\\Users\\Mar7G\\Desktop\\Proyecto_SmartLogix\\frontend-admin\\src\\services\\auditLogService.js": {"path":"C:\\Users\\Mar7G\\Desktop\\Proyecto_SmartLogix\\frontend-admin\\src\\services\\auditLogService.js","statementMap":{"0":{"start":{"line":5,"column":4},"end":{"line":5,"column":21}},"1":{"start":{"line":11,"column":4},"end":{"line":19,"column":6}},"2":{"start":{"line":15,"column":12},"end":{"line":17,"column":37}},"3":{"start":{"line":25,"column":4},"end":{"line":31,"column":6}},"4":{"start":{"line":37,"column":4},"end":{"line":43,"column":6}},"5":{"start":{"line":49,"column":4},"end":{"line":55,"column":6}},"6":{"start":{"line":69,"column":16},"end":{"line":75,"column":5}},"7":{"start":{"line":77,"column":4},"end":{"line":77,"column":21}},"8":{"start":{"line":77,"column":14},"end":{"line":77,"column":21}},"9":{"start":{"line":79,"column":4},"end":{"line":87,"column":7}},"10":{"start":{"line":103,"column":16},"end":{"line":109,"column":5}},"11":{"start":{"line":111,"column":4},"end":{"line":111,"column":21}},"12":{"start":{"line":111,"column":14},"end":{"line":111,"column":21}},"13":{"start":{"line":113,"column":4},"end":{"line":113,"column":36}},"14":{"start":{"line":129,"column":16},"end":{"line":135,"column":5}},"15":{"start":{"line":137,"column":4},"end":{"line":137,"column":21}},"16":{"start":{"line":137,"column":14},"end":{"line":137,"column":21}},"17":{"start":{"line":139,"column":4},"end":{"line":139,"column":44}}},"fnMap":{"0":{"name":"getAuditLogs","decl":{"start":{"line":3,"column":16},"end":{"line":3,"column":28}},"loc":{"start":{"line":3,"column":31},"end":{"line":7,"column":1}},"line":3},"1":{"name":"getAuditLog","decl":{"start":{"line":9,"column":16},"end":{"line":9,"column":27}},"loc":{"start":{"line":9,"column":50},"end":{"line":21,"column":1}},"line":9},"2":{"name":"(anonymous_2)","decl":{"start":{"line":13,"column":8},"end":{"line":13,"column":9}},"loc":{"start":{"line":15,"column":12},"end":{"line":17,"column":37}},"line":15},"3":{"name":"getOrderLog","decl":{"start":{"line":23,"column":16},"end":{"line":23,"column":27}},"loc":{"start":{"line":23,"column":37},"end":{"line":33,"column":1}},"line":23},"4":{"name":"getShipmentLog","decl":{"start":{"line":35,"column":16},"end":{"line":35,"column":30}},"loc":{"start":{"line":35,"column":43},"end":{"line":45,"column":1}},"line":35},"5":{"name":"getRefundLog","decl":{"start":{"line":47,"column":16},"end":{"line":47,"column":28}},"loc":{"start":{"line":47,"column":39},"end":{"line":57,"column":1}},"line":47},"6":{"name":"registerAuditEvent","decl":{"start":{"line":59,"column":16},"end":{"line":59,"column":34}},"loc":{"start":{"line":67,"column":2},"end":{"line":89,"column":1}},"line":67},"7":{"name":"registerDocument","decl":{"start":{"line":91,"column":16},"end":{"line":91,"column":32}},"loc":{"start":{"line":101,"column":2},"end":{"line":115,"column":1}},"line":101},"8":{"name":"registerNotification","decl":{"start":{"line":117,"column":16},"end":{"line":117,"column":36}},"loc":{"start":{"line":127,"column":2},"end":{"line":141,"column":1}},"line":127}},"branchMap":{"0":{"loc":{"start":{"line":15,"column":12},"end":{"line":17,"column":37}},"type":"binary-expr","locations":[{"start":{"line":15,"column":12},"end":{"line":15,"column":41}},{"start":{"line":17,"column":12},"end":{"line":17,"column":37}}],"line":15},"1":{"loc":{"start":{"line":77,"column":4},"end":{"line":77,"column":21}},"type":"if","locations":[{"start":{"line":77,"column":4},"end":{"line":77,"column":21}},{"start":{},"end":{}}],"line":77},"2":{"loc":{"start":{"line":99,"column":4},"end":{"line":99,"column":16}},"type":"default-arg","locations":[{"start":{"line":99,"column":12},"end":{"line":99,"column":16}}],"line":99},"3":{"loc":{"start":{"line":111,"column":4},"end":{"line":111,"column":21}},"type":"if","locations":[{"start":{"line":111,"column":4},"end":{"line":111,"column":21}},{"start":{},"end":{}}],"line":111},"4":{"loc":{"start":{"line":125,"column":4},"end":{"line":125,"column":16}},"type":"default-arg","locations":[{"start":{"line":125,"column":12},"end":{"line":125,"column":16}}],"line":125},"5":{"loc":{"start":{"line":137,"column":4},"end":{"line":137,"column":21}},"type":"if","locations":[{"start":{"line":137,"column":4},"end":{"line":137,"column":21}},{"start":{},"end":{}}],"line":137}},"s":{"0":5,"1":4,"2":4,"3":0,"4":0,"5":0,"6":1,"7":1,"8":0,"9":1,"10":1,"11":1,"12":0,"13":1,"14":1,"15":1,"16":0,"17":1},"f":{"0":5,"1":4,"2":4,"3":0,"4":0,"5":0,"6":1,"7":1,"8":1},"b":{"0":[4,4],"1":[0,1],"2":[1],"3":[0,1],"4":[1],"5":[0,1]},"meta":{"lastBranch":6,"lastFunction":9,"lastStatement":18,"seen":{"f:3:16:3:28":0,"s:5:4:5:21":0,"f:9:16:9:27":1,"s:11:4:19:6":1,"f:13:8:13:9":2,"s:15:12:17:37":2,"b:15:12:15:41:17:12:17:37":0,"f:23:16:23:27":3,"s:25:4:31:6":3,"f:35:16:35:30":4,"s:37:4:43:6":4,"f:47:16:47:28":5,"s:49:4:55:6":5,"f:59:16:59:34":6,"s:69:16:75:5":6,"b:77:4:77:21:undefined:undefined:undefined:undefined":1,"s:77:4:77:21":7,"s:77:14:77:21":8,"s:79:4:87:7":9,"f:91:16:91:32":7,"b:99:12:99:16":2,"s:103:16:109:5":10,"b:111:4:111:21:undefined:undefined:undefined:undefined":3,"s:111:4:111:21":11,"s:111:14:111:21":12,"s:113:4:113:36":13,"f:117:16:117:36":8,"b:125:12:125:16":4,"s:129:16:135:5":14,"b:137:4:137:21:undefined:undefined:undefined:undefined":5,"s:137:4:137:21":15,"s:137:14:137:21":16,"s:139:4:139:44":17},"fnNames":{}}}
,"C:\\Users\\Mar7G\\Desktop\\Proyecto_SmartLogix\\frontend-admin\\src\\services\\carrierAnalyticsService.js": {"path":"C:\\Users\\Mar7G\\Desktop\\Proyecto_SmartLogix\\frontend-admin\\src\\services\\carrierAnalyticsService.js","statementMap":{"0":{"start":{"line":7,"column":2},"end":{"line":7,"column":43}},"1":{"start":{"line":12,"column":2},"end":{"line":12,"column":38}},"2":{"start":{"line":17,"column":2},"end":{"line":17,"column":41}},"3":{"start":{"line":22,"column":2},"end":{"line":22,"column":41}},"4":{"start":{"line":27,"column":2},"end":{"line":27,"column":37}}},"fnMap":{"0":{"name":"getSystemHealth","decl":{"start":{"line":5,"column":16},"end":{"line":5,"column":31}},"loc":{"start":{"line":5,"column":34},"end":{"line":8,"column":1}},"line":5},"1":{"name":"getCarrierRanking","decl":{"start":{"line":10,"column":16},"end":{"line":10,"column":33}},"loc":{"start":{"line":10,"column":36},"end":{"line":13,"column":1}},"line":10},"2":{"name":"getCarrierPrediction","decl":{"start":{"line":15,"column":16},"end":{"line":15,"column":36}},"loc":{"start":{"line":15,"column":39},"end":{"line":18,"column":1}},"line":15},"3":{"name":"getCarrierSimulation","decl":{"start":{"line":20,"column":16},"end":{"line":20,"column":36}},"loc":{"start":{"line":20,"column":39},"end":{"line":23,"column":1}},"line":20},"4":{"name":"getCarrierTrends","decl":{"start":{"line":25,"column":16},"end":{"line":25,"column":32}},"loc":{"start":{"line":25,"column":35},"end":{"line":28,"column":1}},"line":25}},"branchMap":{},"s":{"0":1,"1":1,"2":1,"3":1,"4":1},"f":{"0":1,"1":1,"2":1,"3":1,"4":1},"b":{},"meta":{"lastBranch":0,"lastFunction":5,"lastStatement":5,"seen":{"f:5:16:5:31":0,"s:7:2:7:43":0,"f:10:16:10:33":1,"s:12:2:12:38":1,"f:15:16:15:36":2,"s:17:2:17:41":2,"f:20:16:20:36":3,"s:22:2:22:41":3,"f:25:16:25:32":4,"s:27:2:27:37":4},"fnNames":{}}}
,"C:\\Users\\Mar7G\\Desktop\\Proyecto_SmartLogix\\frontend-admin\\src\\services\\carrierDecisionService.js": {"path":"C:\\Users\\Mar7G\\Desktop\\Proyecto_SmartLogix\\frontend-admin\\src\\services\\carrierDecisionService.js","statementMap":{"0":{"start":{"line":15,"column":23},"end":{"line":37,"column":1}},"1":{"start":{"line":40,"column":2},"end":{"line":40,"column":24}},"2":{"start":{"line":44,"column":2},"end":{"line":44,"column":27}}},"fnMap":{"0":{"name":"getCarrierRanking","decl":{"start":{"line":39,"column":16},"end":{"line":39,"column":33}},"loc":{"start":{"line":39,"column":36},"end":{"line":41,"column":1}},"line":39},"1":{"name":"getRecommendedCarrier","decl":{"start":{"line":43,"column":16},"end":{"line":43,"column":37}},"loc":{"start":{"line":43,"column":40},"end":{"line":45,"column":1}},"line":43}},"branchMap":{},"s":{"0":1,"1":5,"2":1},"f":{"0":5,"1":1},"b":{},"meta":{"lastBranch":0,"lastFunction":2,"lastStatement":3,"seen":{"s:15:23:37:1":0,"f:39:16:39:33":0,"s:40:2:40:24":1,"f:43:16:43:37":1,"s:44:2:44:27":2},"fnNames":{}}}
,"C:\\Users\\Mar7G\\Desktop\\Proyecto_SmartLogix\\frontend-admin\\src\\services\\carrierService.js": {"path":"C:\\Users\\Mar7G\\Desktop\\Proyecto_SmartLogix\\frontend-admin\\src\\services\\carrierService.js","statementMap":{"0":{"start":{"line":1,"column":17},"end":{"line":35,"column":1}},"1":{"start":{"line":37,"column":24},"end":{"line":53,"column":1}},"2":{"start":{"line":55,"column":36},"end":{"line":64,"column":1}},"3":{"start":{"line":66,"column":27},"end":{"line":66,"column":41}},"4":{"start":{"line":66,"column":33},"end":{"line":66,"column":41}},"5":{"start":{"line":68,"column":34},"end":{"line":68,"column":55}},"6":{"start":{"line":68,"column":40},"end":{"line":68,"column":55}},"7":{"start":{"line":73,"column":37},"end":{"line":84,"column":1}},"8":{"start":{"line":75,"column":16},"end":{"line":77,"column":3}},"9":{"start":{"line":79,"column":2},"end":{"line":81,"column":3}},"10":{"start":{"line":80,"column":4},"end":{"line":80,"column":39}},"11":{"start":{"line":83,"column":2},"end":{"line":83,"column":27}},"12":{"start":{"line":89,"column":38},"end":{"line":99,"column":1}},"13":{"start":{"line":93,"column":2},"end":{"line":96,"column":4}},"14":{"start":{"line":98,"column":2},"end":{"line":98,"column":14}}},"fnMap":{"0":{"name":"(anonymous_0)","decl":{"start":{"line":66,"column":27},"end":{"line":66,"column":28}},"loc":{"start":{"line":66,"column":33},"end":{"line":66,"column":41}},"line":66},"1":{"name":"(anonymous_1)","decl":{"start":{"line":68,"column":34},"end":{"line":68,"column":35}},"loc":{"start":{"line":68,"column":40},"end":{"line":68,"column":55}},"line":68},"2":{"name":"(anonymous_2)","decl":{"start":{"line":73,"column":37},"end":{"line":73,"column":38}},"loc":{"start":{"line":73,"column":43},"end":{"line":84,"column":1}},"line":73},"3":{"name":"(anonymous_3)","decl":{"start":{"line":89,"column":38},"end":{"line":89,"column":39}},"loc":{"start":{"line":91,"column":5},"end":{"line":99,"column":1}},"line":91}},"branchMap":{"0":{"loc":{"start":{"line":79,"column":2},"end":{"line":81,"column":3}},"type":"if","locations":[{"start":{"line":79,"column":2},"end":{"line":81,"column":3}},{"start":{},"end":{}}],"line":79}},"s":{"0":1,"1":1,"2":1,"3":1,"4":2,"5":1,"6":0,"7":1,"8":2,"9":2,"10":1,"11":1,"12":1,"13":2,"14":2},"f":{"0":2,"1":0,"2":2,"3":2},"b":{"0":[1,1]},"meta":{"lastBranch":1,"lastFunction":4,"lastStatement":15,"seen":{"s:1:17:35:1":0,"s:37:24:53:1":1,"s:55:36:64:1":2,"s:66:27:66:41":3,"f:66:27:66:28":0,"s:66:33:66:41":4,"s:68:34:68:55":5,"f:68:34:68:35":1,"s:68:40:68:55":6,"s:73:37:84:1":7,"f:73:37:73:38":2,"s:75:16:77:3":8,"b:79:2:81:3:undefined:undefined:undefined:undefined":0,"s:79:2:81:3":9,"s:80:4:80:39":10,"s:83:2:83:27":11,"s:89:38:99:1":12,"f:89:38:89:39":3,"s:93:2:96:4":13,"s:98:2:98:14":14},"fnNames":{}}}
,"C:\\Users\\Mar7G\\Desktop\\Proyecto_SmartLogix\\frontend-admin\\src\\services\\notificationService.js": {"path":"C:\\Users\\Mar7G\\Desktop\\Proyecto_SmartLogix\\frontend-admin\\src\\services\\notificationService.js","statementMap":{"0":{"start":{"line":8,"column":26},"end":{"line":11,"column":46}},"1":{"start":{"line":13,"column":2},"end":{"line":16,"column":3}},"2":{"start":{"line":14,"column":4},"end":{"line":14,"column":61}},"3":{"start":{"line":15,"column":4},"end":{"line":15,"column":14}},"4":{"start":{"line":18,"column":2},"end":{"line":18,"column":14}},"5":{"start":{"line":26,"column":26},"end":{"line":29,"column":13}},"6":{"start":{"line":31,"column":2},"end":{"line":38,"column":3}},"7":{"start":{"line":32,"column":4},"end":{"line":32,"column":56}},"8":{"start":{"line":34,"column":4},"end":{"line":37,"column":6}},"9":{"start":{"line":40,"column":2},"end":{"line":43,"column":4}},"10":{"start":{"line":51,"column":26},"end":{"line":58,"column":13}},"11":{"start":{"line":60,"column":2},"end":{"line":67,"column":3}},"12":{"start":{"line":61,"column":4},"end":{"line":61,"column":61}},"13":{"start":{"line":63,"column":4},"end":{"line":66,"column":6}},"14":{"start":{"line":69,"column":2},"end":{"line":72,"column":4}},"15":{"start":{"line":80,"column":2},"end":{"line":93,"column":5}},"16":{"start":{"line":97,"column":2},"end":{"line":110,"column":5}},"17":{"start":{"line":114,"column":2},"end":{"line":127,"column":5}},"18":{"start":{"line":131,"column":2},"end":{"line":144,"column":5}}},"fnMap":{"0":{"name":"getNotifications","decl":{"start":{"line":7,"column":22},"end":{"line":7,"column":38}},"loc":{"start":{"line":7,"column":41},"end":{"line":19,"column":1}},"line":7},"1":{"name":"createNotification","decl":{"start":{"line":25,"column":22},"end":{"line":25,"column":40}},"loc":{"start":{"line":25,"column":55},"end":{"line":44,"column":1}},"line":25},"2":{"name":"updateNotificationStatus","decl":{"start":{"line":50,"column":22},"end":{"line":50,"column":46}},"loc":{"start":{"line":50,"column":59},"end":{"line":73,"column":1}},"line":50},"3":{"name":"notifyApprovedOrder","decl":{"start":{"line":79,"column":22},"end":{"line":79,"column":41}},"loc":{"start":{"line":79,"column":49},"end":{"line":94,"column":1}},"line":79},"4":{"name":"notifyRejectedOrder","decl":{"start":{"line":96,"column":22},"end":{"line":96,"column":41}},"loc":{"start":{"line":96,"column":49},"end":{"line":111,"column":1}},"line":96},"5":{"name":"notifyShipmentCreated","decl":{"start":{"line":113,"column":22},"end":{"line":113,"column":43}},"loc":{"start":{"line":113,"column":54},"end":{"line":128,"column":1}},"line":113},"6":{"name":"notifyInvoiceGenerated","decl":{"start":{"line":130,"column":22},"end":{"line":130,"column":44}},"loc":{"start":{"line":130,"column":51},"end":{"line":145,"column":null}},"line":130}},"branchMap":{"0":{"loc":{"start":{"line":13,"column":2},"end":{"line":16,"column":3}},"type":"if","locations":[{"start":{"line":13,"column":2},"end":{"line":16,"column":3}},{"start":{},"end":{}}],"line":13},"1":{"loc":{"start":{"line":31,"column":2},"end":{"line":38,"column":3}},"type":"if","locations":[{"start":{"line":31,"column":2},"end":{"line":38,"column":3}},{"start":{},"end":{}}],"line":31},"2":{"loc":{"start":{"line":60,"column":2},"end":{"line":67,"column":3}},"type":"if","locations":[{"start":{"line":60,"column":2},"end":{"line":67,"column":3}},{"start":{},"end":{}}],"line":60},"3":{"loc":{"start":{"line":86,"column":20},"end":{"line":86,"column":52}},"type":"binary-expr","locations":[{"start":{"line":86,"column":20},"end":{"line":86,"column":39}},{"start":{"line":86,"column":43},"end":{"line":86,"column":52}}],"line":86},"4":{"loc":{"star
[...]
olumn":1}},"line":91},"5":{"name":"deleteOrder","decl":{"start":{"line":118,"column":22},"end":{"line":118,"column":33}},"loc":{"start":{"line":118,"column":38},"end":{"line":139,"column":null}},"line":118}},"branchMap":{"0":{"loc":{"start":{"line":11,"column":2},"end":{"line":14,"column":3}},"type":"if","locations":[{"start":{"line":11,"column":2},"end":{"line":14,"column":3}},{"start":{},"end":{}}],"line":11},"1":{"loc":{"start":{"line":28,"column":2},"end":{"line":31,"column":3}},"type":"if","locations":[{"start":{"line":28,"column":2},"end":{"line":31,"column":3}},{"start":{},"end":{}}],"line":28},"2":{"loc":{"start":{"line":44,"column":2},"end":{"line":51,"column":3}},"type":"if","locations":[{"start":{"line":44,"column":2},"end":{"line":51,"column":3}},{"start":{},"end":{}}],"line":44},"3":{"loc":{"start":{"line":71,"column":2},"end":{"line":81,"column":3}},"type":"if","locations":[{"start":{"line":71,"column":2},"end":{"line":81,"column":3}},{"start":{},"end":{}}],"line":71},"4":{"loc":{"start":{"line":98,"column":2},"end":{"line":108,"column":3}},"type":"if","locations":[{"start":{"line":98,"column":2},"end":{"line":108,"column":3}},{"start":{},"end":{}}],"line":98},"5":{"loc":{"start":{"line":124,"column":2},"end":{"line":134,"column":3}},"type":"if","locations":[{"start":{"line":124,"column":2},"end":{"line":134,"column":3}},{"start":{},"end":{}}],"line":124}},"s":{"0":1,"1":1,"2":0,"3":0,"4":1,"5":1,"6":1,"7":0,"8":0,"9":1,"10":1,"11":1,"12":0,"13":0,"14":1,"15":1,"16":1,"17":0,"18":0,"19":1,"20":0,"21":0,"22":0,"23":0,"24":0,"25":1,"26":1,"27":0,"28":0,"29":1},"f":{"0":1,"1":1,"2":1,"3":1,"4":0,"5":1},"b":{"0":[0,1],"1":[0,1],"2":[0,1],"3":[0,1],"4":[0,0],"5":[0,1]},"meta":{"lastBranch":6,"lastFunction":6,"lastStatement":30,"seen":{"f:5:22:5:31":0,"s:6:26:9:38":0,"b:11:2:14:3:undefined:undefined:undefined:undefined":0,"s:11:2:14:3":1,"s:12:4:12:54":2,"s:13:4:13:14":3,"s:16:2:16:14":4,"f:21:22:21:34":1,"s:22:26:26:13":5,"b:28:2:31:3:undefined:undefined:undefined:undefined":1,"s:28:2:31:3":6,"s:29:4:29:53":7,"s:30:4:30:16":8,"s:33:2:33:14":9,"f:38:22:38:33":2,"s:39:26:42:13":10,"b:44:2:51:3:undefined:undefined:undefined:undefined":2,"s:44:2:51:3":11,"s:45:4:45:50":12,"s:47:4:50:6":13,"s:53:2:56:4":14,"f:61:22:61:39":3,"s:65:26:69:13":15,"b:71:2:81:3:undefined:undefined:undefined:undefined":3,"s:71:2:81:3":16,"s:72:4:75:6":17,"s:77:4:80:6":18,"s:83:2:86:4":19,"f:91:22:91:33":4,"s:92:26:96:13":20,"b:98:2:108:3:undefined:undefined:undefined:undefined":4,"s:98:2:108:3":21,"s:99:4:102:6":22,"s:104:4:107:6":23,"s:110:2:113:4":24,"f:118:22:118:33":5,"s:119:20:122:17":25,"b:124:2:134:3:undefined:undefined:undefined:undefined":5,"s:124:2:134:3":26,"s:125:4:128:6":27,"s:130:4:133:6":28,"s:136:2:138:4":29},"fnNames":{}}}
,"C:\\Users\\Mar7G\\Desktop\\Proyecto_SmartLogix\\frontend-admin\\src\\services\\orderValidationService.js": {"path":"C:\\Users\\Mar7G\\Desktop\\Proyecto_SmartLogix\\frontend-admin\\src\\services\\orderValidationService.js","statementMap":{"0":{"start":{"line":4,"column":26},"end":{"line":8,"column":13}},"1":{"start":{"line":10,"column":2},"end":{"line":16,"column":3}},"2":{"start":{"line":11,"column":4},"end":{"line":15,"column":6}},"3":{"start":{"line":18,"column":25},"end":{"line":18,"column":46}},"4":{"start":{"line":20,"column":2},"end":{"line":26,"column":3}},"5":{"start":{"line":21,"column":4},"end":{"line":25,"column":6}},"6":{"start":{"line":28,"column":2},"end":{"line":32,"column":4}}},"fnMap":{"0":{"name":"validateOrderStock","decl":{"start":{"line":3,"column":22},"end":{"line":3,"column":40}},"loc":{"start":{"line":3,"column":48},"end":{"line":33,"column":null}},"line":3}},"branchMap":{"0":{"loc":{"start":{"line":10,"column":2},"end":{"line":16,"column":3}},"type":"if","locations":[{"start":{"line":10,"column":2},"end":{"line":16,"column":3}},{"start":{},"end":{}}],"line":10},"1":{"loc":{"start":{"line":10,"column":6},"end":{"line":10,"column":20}},"type":"binary-expr","locations":[{"start":{"line":10,"column":6},"end":{"line":10,"column":11}},{"start":{"line":10,"column":15},"end":{"line":10,"column":20}}],"line":10},"2":{"loc":{"start":{"line":18,"column":25},"end":{"line":18,"column":46}},"type":"binary-expr","locations":[{"start":{"line":18,"column":25},"end":{"line":18,"column":41}},{"start":{"line":18,"column":45},"end":{"line":18,"column":46}}],"line":18},"3":{"loc":{"start":{"line":20,"column":2},"end":{"line":26,"column":3}},"type":"if","locations":[{"start":{"line":20,"column":2},"end":{"line":26,"column":3}},{"start":{},"end":{}}],"line":20}},"s":{"0":5,"1":5,"2":1,"3":4,"4":5,"5":1,"6":3},"f":{"0":5},"b":{"0":[1,4],"1":[5,4],"2":[4,0],"3":[1,4]},"meta":{"lastBranch":4,"lastFunction":1,"lastStatement":7,"seen":{"f:3:22:3:40":0,"s:4:26:8:13":0,"b:10:2:16:3:undefined:undefined:undefined:undefined":0,"s:10:2:16:3":1,"b:10:6:10:11:10:15:10:20":1,"s:11:4:15:6":2,"s:18:25:18:46":3,"b:18:25:18:41:18:45:18:46":2,"b:20:2:26:3:undefined:undefined:undefined:undefined":3,"s:20:2:26:3":4,"s:21:4:25:6":5,"s:28:2:32:4":6},"fnNames":{}}}
,"C:\\Users\\Mar7G\\Desktop\\Proyecto_SmartLogix\\frontend-admin\\src\\services\\refundService.js": {"path":"C:\\Users\\Mar7G\\Desktop\\Proyecto_SmartLogix\\frontend-admin\\src\\services\\refundService.js","statementMap":{"0":{"start":{"line":4,"column":26},"end":{"line":7,"column":13}},"1":{"start":{"line":9,"column":2},"end":{"line":12,"column":3}},"2":{"start":{"line":10,"column":4},"end":{"line":10,"column":53}},"3":{"start":{"line":11,"column":4},"end":{"line":11,"column":37}},"4":{"start":{"line":14,"column":2},"end":{"line":14,"column":33}},"5":{"start":{"line":18,"column":21},"end":{"line":31,"column":3}},"6":{"start":{"line":33,"column":26},"end":{"line":36,"column":13}},"7":{"start":{"line":38,"column":2},"end":{"line":41,"column":3}},"8":{"start":{"line":39,"column":4},"end":{"line":39,"column":65}},"9":{"start":{"line":40,"column":4},"end":{"line":40,"column":37}},"10":{"start":{"line":43,"column":2},"end":{"line":43,"column":33}},"11":{"start":{"line":47,"column":26},"end":{"line":50,"column":46}},"12":{"start":{"line":52,"column":2},"end":{"line":55,"column":3}},"13":{"start":{"line":53,"column":4},"end":{"line":53,"column":57}},"14":{"start":{"line":54,"column":4},"end":{"line":54,"column":14}},"15":{"start":{"line":57,"column":2},"end":{"line":57,"column":14}}},"fnMap":{"0":{"name":"createRefund","decl":{"start":{"line":3,"column":22},"end":{"line":3,"column":34}},"loc":{"start":{"line":3,"column":47},"end":{"line":15,"column":1}},"line":3},"1":{"name":"createRefundFromShipment","decl":{"start":{"line":17,"column":22},"end":{"line":17,"column":46}},"loc":{"start":{"line":17,"column":57},"end":{"line":44,"column":1}},"line":17},"2":{"name":"getRefunds","decl":{"start":{"line":46,"column":22},"end":{"line":46,"column":32}},"loc":{"start":{"line":46,"column":35},"end":{"line":58,"column":null}},"line":46}},"branchMap":{"0":{"loc":{"start":{"line":9,"column":2},"end":{"line":12,"column":3}},"type":"if","locations":[{"start":{"line":9,"column":2},"end":{"line":12,"column":3}},{"start":{},"end":{}}],"line":9},"1":{"loc":{"start":{"line":19,"column":14},"end":{"line":19,"column":57}},"type":"binary-expr","locations":[{"start":{"line":19,"column":14},"end":{"line":19,"column":31}},{"start":{"line":19,"column":35},"end":{"line":19,"column":57}}],"line":19},"2":{"loc":{"start":{"line":20,"column":19},"end":{"line":20,"column":68}},"type":"binary-expr","locations":[{"start":{"line":20,"column":19},"end":{"line":20,"column":41}},{"start":{"line":20,"column":45},"end":{"line":20,"column":68}}],"line":20},"3":{"loc":{"start":{"line":21,"column":20},"end":{"line":21,"column":59}},"type":"binary-expr","locations":[{"start":{"line":21,"column":20},"end":{"line":21,"column":43}},{"start":{"line":21,"column":47},"end":{"line":21,"column":59}}],"line":21},"4":{"loc":{"start":{"line":22,"column":20},"end":{"line":22,"column":61}},"type":"binary-expr","locations":[{"start":{"line":22,"column":20},"end":{"line":22,"column":43}},{"start":{"line":22,"column":47},"end":{"line":22,"column":61}}],"line":22},"5":{"loc":{"start":{"line":23,"column":18},"end":{"line":23,"column":52}},"type":"binary-expr","locations":[{"start":{"line":23,"column":18},"end":{"line":23,"column":39}},{"start":{"line":23,"column":43},"end":{"line":23,"column":52}}],"line":23},"6":{"loc":{"start":{"line":24,"column":15},"end":{"line":24,"column":58}},"type":"binary-expr","locations":[{"start":{"line":24,"column":15},"end":{"line":24,"column":33}},{"start":{"line":24,"column":37},"end":{"line":24,"column":58}}],"line":24},"7":{"loc":{"start":{"line":25,"column":18},"end":{"line":25,"column":73}},"type":"binary-expr","locations":[{"start":{"line":25,"column":18},"end":{"line":25,"column":39}},{"start":{"line":25,"column":43},"end":{"line":25,"column":73}}],"line":25},"8":{"loc":{"start":{"line":26,"column":20},"end":{"line":26,"column":75}},"type":"binary-expr","locations":[{"start":{"line":26,"column":20},"end":{"line":26,"column":43}},{"start":{"line":26,"column":47},"end":{"line":26,"column":75}}],"line":26},"9":{"loc":{"start":{"line":27,"column":18},"end":{"line":27,"column":67}},"type":"binary-expr","locations":[{"start":{"line":27,"column":18},"end":{"line":27,"column":39}},{"start":{"line":27,"column":43},"end":{"line":27,"column":67}}],"line":27},"10":{"loc":{"start":{"line":29,"column":19},"end":{"line":29,"column":38}},"type":"binary-expr","locations":[{"start":{"line":29,"column":19},"end":{"line":29,"column":33}},{"start":{"line":29,"column":37},"end":{"line":29,"column":38}}],"line":29},"11":{"loc":{"start":{"line":38,"column":2},"end":{"line":41,"column":3}},"type":"if","locations":[{"start":{"line":38,"column":2},"end":{"line":41,"column":3}},{"start":{},"end":{}}],"line":38},"12":{"loc":{"start":{"line":52,"column":2},"end":{"line":55,"column":3}},"type":"if","locations":[{"start":{"line":52,"column":2},"end":{"line":55,"column":3}},{"start":{},"end":{}}],"line":52}},"s":{"0":2,"1":2,"2":1,"3":1,"4":1,"5":1,"6":1,"7":1,"8":0,"9":0,"10":1,"11":2,"12":2,"13":1,"14":1,"15":1},"f":{"0":2,"1":1,"2":2},"b":{"0":[1,1],"1":[1,1],"2":[1,0],"3":[1,1],"4":[1,1],"5":[1,1],"6":[1,1],"7":[1,1],"8":[1,1],"9":[1,0],"10":[1,0],"11":[0,1],"12":[1,1]},"meta":{"lastBranch":13,"lastFunction":3,"lastStatement":16,"seen":{"f:3:22:3:34":0,"s:4:26:7:13":0,"b:9:2:12:3:undefined:undefined:undefined:undefined":0,"s:9:2:12:3":1,"s:10:4:10:53":2,"s:11:4:11:37":3,"s:14:2:14:33":4,"f:17:22:17:46":1,"s:18:21:31:3":5,"b:19:14:19:31:19:35:19:57":1,"b:20:19:20:41:20:45:20:68":2,"b:21:20:21:43:21:47:21:59":3,"b:22:20:22:43:22:47:22:61":4,"b:23:18:23:39:23:43:23:52":5,"b:24:15:24:33:24:37:24:58":6,"b:25:18:25:39:25:43:25:73":7,"b:26:20:26:43:26:47:26:75":8,"b:27:18:27:39:27:43:27:67":9,"b:29:19:29:33:29:37:29:38":10,"s:33:26:36:13":6,"b:38:2:41:3:undefined:undefined:undefined:undefined":11,"s:38:2:41:3":7,"s:39:4:39:65":8,"s:40:4:40:37":9,"s:43:2:43:33":10,"f:46:22:46:32":2,"s:47:26:50:46":11,"b:52:2:55:3:undefined:undefined:undefined:undefined":12,"s:52:2:55:3":12,"s:53:4:53:57":13,"s:54:4:54:14":14,"s:57:2:57:14":15},"fnNames":{}}}
,"C:\\Users\\Mar7G\\Desktop\\Proyecto_SmartLogix\\frontend-admin\\src\\services\\shippingService.js": {"path":"C:\\Users\\Mar7G\\Desktop\\Proyecto_SmartLogix\\frontend-admin\\src\\services\\shippingService.js","statementMap":{"0":{"start":{"line":3,"column":35},"end":{"line":25,"column":1}},"1":{"start":{"line":28,"column":26},"end":{"line":31,"column":46}},"2":{"start":{"line":33,"column":2},"end":{"line":36,"column":3}},"3":{"start":{"line":34,"column":4},"end":{"line":34,"column":53}},"4":{"start":{"line":35,"column":4},"end":{"line":35,"column":14}},"5":{"start":{"line":38,"column":2},"end":{"line":38,"column":14}},"6":{"start":{"line":42,"column":23},"end":{"line":57,"column":3}},"7":{"start":{"line":59,"column":26},"end":{"line":62,"column":13}},"8":{"start":{"line":64,"column":2},"end":{"line":67,"column":3}},"9":{"start":{"line":65,"column":4},"end":{"line":65,"column":54}},"10":{"start":{"line":66,"column":4},"end":{"line":66,"column":37}},"11":{"start":{"line":69,"column":2},"end":{"line":69,"column":33}},"12":{"start":{"line":73,"column":26},"end":{"line":77,"column":13}},"13":{"start":{"line":79,"column":2},"end":{"line":82,"column":3}},"14":{"start":{"line":80,"column":4},"end":{"line":80,"column":65}},"15":{"start":{"line":81,"column":4},"end":{"line":81,"column":37}},"16":{"start":{"line":84,"column":2},"end":{"line":84,"column":33}},"17":{"start":{"line":88,"column":20},"end":{"line":91,"column":17}},"18":{"start":{"line":93,"column":2},"end":{"line":96,"column":3}},"19":{"start":{"line":94,"column":4},"end":{"line":94,"column":52}},"20":{"start":{"line":95,"column":4},"end":{"line":95,"column":37}},"21":{"start":{"line":98,"column":2},"end":{"line":98,"column":27}},"22":{"start":{"line":102,"column":26},"end":{"line":122,"column":13}},"23":{"start":{"line":124,"column":2},"end":{"line":127,"column":3}},"24":{"start":{"line":125,"column":4},"end":{"line":125,"column":53}},"25":{"start":{"line":126,"column":4},"end":{"line":126,"column":37}},"26":{"start":{"line":129,"column":2},"end":{"line":129,"column":33}}},"fnMap":{"0":{"name":"getShipments","decl":{"start":{"line":27,"column":22},"end":{"line":27,"column":34}},"loc":{"start":{"line":27,"column":37},"end":{"line":39,"column":1}},"line":27},"1":{"name":"createDemoShipment","decl":{"start":{"line":41,"column":22},"end":{"line":41,"column":40}},"loc":{"start":{"line":41,"column":43},"end":{"line":70,"column":1}},"line":41},"2":{"name":"updateShipmentStatus","decl":{"start":{"line":72,"column":22},"end":{"line":72,"column":42}},"loc":{"start":{"line":72,"column":55},"end":{"line":85,"column":1}},"line":72},"3":{"name":"deleteShipment","decl":{"start":{"line":87,"column":22},"end":{"line":87,"column":36}},"loc":{"start":{"line":87,"column":41},"end":{"line":99,"column":1}},"line":87},"4":{"name":"registerSelectedShipping","decl":{"start":{"line":101,"column":22},"end":{"line":101,"column":46}},"loc":{"start":{"line":101,"column":62},"end":{"line":130,"column":null}},"line":101}},"branchMap":{"0":{"loc":{"start":{"line":33,"column":2},"end":{"line":36,"column":3}},"type":"if","locations":[{"start":{"line":33,"column":2},"end":{"line":36,"column":3}},{"start":{},"end":{}}],"line":33},"1":{"loc":{"start":{"line":64,"column":2},"end":{"line":67,"column":3}},"type":"if","locations":[{"start":{"line":64,"column":2},"end":{"line":67,"column":3}},{"start":{},"end":{}}],"line":64},"2":{"loc":{"start":{"line":79,"column":2},"end":{"line":82,"column":3}},"type":"if","locations":[{"start":{"line":79,"column":2},"end":{"line":82,"column":3}},{"start":{},"end":{}}],"line":79},"3":{"loc":{"start":{"line":93,"column":2},"end":{"line":96,"column":3}},"type":"if","locations":[{"start":{"line":93,"column":2},"end":{"line":96,"column":3}},{"start":{},"end":{}}],"line":93},"4":{"loc":{"start":{"line":124,"column":2},"end":{"line":127,"column":3}},"type":"if","locations":[{"start":{"line":124,"column":2},"end":{"line":127,"column":3}},{"start":{},"end":{}}],"line":124}},"s":{"0":1,"1":1,"2":1,"3":0,"4":0,"5":1,"6":1,"7":1,"8":1,"9":0,"10":0,"11":1,"12":1,"13":1,"14":0,"15":0,"16":1,"17":1,"18":1,"19":0,"20":0,"21":1,"22":0,"23":0,"24":0,"25":0,"26":0},"f":{"0":1,"1":1,"2":1,"3":1,"4":0},"b":{"0":[0,1],"1":[0,1],"2":[0,1],"3":[0,1],"4":[0,0]},"meta":{"lastBranch":5,"lastFunction":5,"lastStatement":27,"seen":{"s:3:35:25:1":0,"f:27:22:27:34":0,"s:28:26:31:46":1,"b:33:2:36:3:undefined:undefined:undefined:undefined":0,"s:33:2:36:3":2,"s:34:4:34:53":3,"s:35:4:35:14":4,"s:38:2:38:14":5,"f:41:22:41:40":1,"s:42:23:57:3":6,"s:59:26:62:13":7,"b:64:2:67:3:undefined:undefined:undefined:undefined":1,"s:64:2:67:3":8,"s:65:4:65:54":9,"s:66:4:66:37":10,"s:69:2:69:33":11,"f:72:22:72:42":2,"s:73:26:77:13":12,"b:79:2:82:3:undefined:undefined:undefined:undefined":2,"s:79:2:82:3":13,"s:80:4:80:65":14,"s:81:4:81:37":15,"s:84:2:84:33":16,"f:87:22:87:36":3,"s:88:20:91:17":17,"b:93:2:96:3:undefined:undefined:undefined:undefined":3,"s:93:2:96:3":18,"s:94:4:94:52":19,"s:95:4:95:37":20,"s:98:2:98:27":21,"f:101:22:101:46":4,"s:102:26:122:13":22,"b:124:2:127:3:undefined:undefined:undefined:undefined":4,"s:124:2:127:3":23,"s:125:4:125:53":24,"s:126:4:126:37":25,"s:129:2:129:33":26},"fnNames":{}}}
,"C:\\Users\\Mar7G\\Desktop\\Proyecto_SmartLogix\\frontend-admin\\src\\services\\trackingAnalyticsService.js": {"path":"C:\\Users\\Mar7G\\Desktop\\Proyecto_SmartLogix\\frontend-admin\\src\\services\\trackingAnalyticsService.js","statementMap":{"0":{"start":{"line":8,"column":3},"end":{"line":8,"column":26}},"1":{"start":{"line":10,"column":2},"end":{"line":24,"column":4}},"2":{"start":{"line":13,"column":13},"end":{"line":13,"column":39}},"3":{"start":{"line":18,"column":13},"end":{"line":18,"column":38}},"4":{"start":{"line":30,"column":3},"end":{"line":30,"column":26}},"5":{"start":{"line":32,"column":2},"end":{"line":42,"column":4}},"6":{"start":{"line":33,"column":17},"end":{"line":41,"column":5}},"7":{"start":{"line":47,"column":2},"end":{"line":60,"column":4}},"8":{"start":{"line":65,"column":2},"end":{"line":70,"column":4}},"9":{"start":{"line":75,"column":2},"end":{"line":87,"column":4}}},"fnMap":{"0":{"name":"getTrackingStats","decl":{"start":{"line":5,"column":16},"end":{"line":5,"column":32}},"loc":{"start":{"line":5,"column":35},"end":{"line":25,"column":1}},"line":5},"1":{"name":"(anonymous_1)","decl":{"start":{"line":13,"column":8},"end":{"line":13,"column":9}},"loc":{"start":{"line":13,"column":13},"end":{"line":13,"column":39}},"line":13},"2":{"name":"(anonymous_2)","decl":{"start":{"line":18,"column":8},"end":{"line":18,"column":9}},"loc":{"start":{"line":18,"column":13},"end":{"line":18,"column":38}},"line":18},"3":{"name":"getRecentActivity","decl":{"start":{"line":27,"column":16},"end":{"line":27,"column":33}},"loc":{"start":{"line":27,"column":36},"end":{"line":43,"column":1}},"line":27},"4":{"name":"(anonymous_4)","decl":{"start":{"line":33,"column":4},"end":{"line":33,"column":12}},"loc":{"start":{"line":33,"column":17},"end":{"line":41,"column":5}},"line":33},"5":{"name":"getCourierPerformance","decl":{"start":{"line":45,"column":16},"end":{"line":45,"column":37}},"loc":{"start":{"line":45,"column":40},"end":{"line":61,"column":1}},"line":45},"6":{"name":"getTrackingDistribution","decl":{"start":{"line":63,"column":16},"end":{"line":63,"column":39}},"loc":{"start":{"line":63,"column":42},"end":{"line":71,"column":1}},"line":63},"7":{"name":"getTrackingAlerts","decl":{"start":{"line":73,"column":16},"end":{"line":73,"column":33}},"loc":{"start":{"line":73,"column":36},"end":{"line":88,"column":null}},"line":73}},"branchMap":{},"s":{"0":1,"1":1,"2":3,"3":3,"4":1,"5":1,"6":3,"7":1,"8":1,"9":1},"f":{"0":1,"1":3,"2":3,"3":1,"4":3,"5":1,"6":1,"7":1},"b":{},"meta":{"lastBranch":0,"lastFunction":8,"lastStatement":10,"seen":{"f:5:16:5:32":0,"s:8:3:8:26":0,"s:10:2:24:4":1,"f:13:8:13:9":1,"s:13:13:13:39":2,"f:18:8:18:9":2,"s:18:13:18:38":3,"f:27:16:27:33":3,"s:30:3:30:26":4,"s:32:2:42:4":5,"f:33:4:33:12":4,"s:33:17:41:5":6,"f:45:16:45:37":5,"s:47:2:60:4":7,"f:63:16:63:39":6,"s:65:2:70:4":8,"f:73:16:73:33":7,"s:75:2:87:4":9},"fnNames":{}}}
,"C:\\Users\\Mar7G\\Desktop\\Proyecto_SmartLogix\\frontend-admin\\src\\services\\trackingService.js": {"path":"C:\\Users\\Mar7G\\Desktop\\Proyecto_SmartLogix\\frontend-admin\\src\\services\\trackingService.js","statementMap":{"0":{"start":{"line":1,"column":26},"end":{"line":79,"column":1}},"1":{"start":{"line":82,"column":2},"end":{"line":82,"column":27}}},"fnMap":{"0":{"name":"getTrackingShipments","decl":{"start":{"line":81,"column":16},"end":{"line":81,"column":36}},"loc":{"start":{"line":81,"column":39},"end":{"line":83,"column":null}},"line":81}},"branchMap":{},"s":{"0":2,"1":7},"f":{"0":7},"b":{},"meta":{"lastBranch":0,"lastFunction":1,"lastStatement":2,"seen":{"s:1:26:79:1":0,"f:81:16:81:36":0,"s:82:2:82:27":1},"fnNames":{}}}
}
