{"numTotalTestSuites":24,"numPassedTestSuites":24,"numFailedTestSuites":0,"numPendingTestSuites":0,"numTotalTests":60,"numPassedTests":60,"numFailedTests":0,"numPendingTests":0,"numTodoTests":0,"snapshot":{"added":0,"failure":false,"filesAdded":0,"filesRemoved":0,"filesRemovedList":[],"filesUnmatched":0,"filesUpdated":0,"matched":0,"total":0,"unchecked":0,"uncheckedKeysByFile":[],"unmatched":0,"updated":0,"didUpdate":false},"startTime":1781950493247,"success":true,"testResults":[{"assertionResults":[{"ancestorTitles":["OperationsCenterService"],"fullName":"OperationsCenterService Debe crear exactamente 250 operaciones","status":"passed","title":"Debe crear exactamente 250 operaciones","duration":662.2281999999996,"failureMessages":[],"meta":{}},{"ancestorTitles":["OperationsCenterService"],"fullName":"OperationsCenterService El dashboard debe coincidir con la cantidad de operaciones","status":"passed","title":"El dashboard debe coincidir con la cantidad de operaciones","duration":710.0152000000007,"failureMessages":[],"meta":{}},{"ancestorTitles":["OperationsCenterService"],"fullName":"OperationsCenterService Ninguna operación debe ser nula","status":"passed","title":"Ninguna operación debe ser nula","duration":636.0248000000001,"failureMessages":[],"meta":{}},{"ancestorTitles":["OperationsCenterService"],"fullName":"OperationsCenterService Todas las operaciones deben tener TraceId","status":"passed","title":"Todas las operaciones deben tener TraceId","duration":732.4631000000008,"failureMessages":[],"meta":{}},{"ancestorTitles":["OperationsCenterService"],"fullName":"OperationsCenterService Después de un Tick las operaciones siguen siendo 250","status":"passed","title":"Después de un Tick las operaciones siguen siendo 250","duration":759.5684000000001,"failureMessages":[],"meta":{}}],"startTime":1781950499269,"endTime":1781950502769.5684,"status":"passed","message":"","name":"C:/Users/Mar7G/Desktop/Proyecto_SmartLogix/frontend-admin/tests/operationsCenterService.test.js"},{"assertionResults":[{"ancestorTitles":["AuditLogService"],"fullName":"AuditLogService Debe existir al menos un registro de auditoría","status":"passed","title":"Debe existir al menos un registro de auditoría","duration":3.136800000000221,"failureMessages":[],"meta":{}},{"ancestorTitles":["AuditLogService"],"fullName":"AuditLogService Debe encontrar correctamente un registro existente","status":"passed","title":"Debe encontrar correctamente un registro existente","duration":0.6134000000001834,"failureMessages":[],"meta":{}},{"ancestorTitles":["AuditLogService"],"fullName":"AuditLogService Debe registrar correctamente un evento de auditoría","status":"passed","title":"Debe registrar correctamente un evento de auditoría","duration":94.20159999999942,"failureMessages":[],"meta":{}},{"ancestorTitles":["AuditLogService"],"fullName":"AuditLogService Debe registrar correctamente un documento","status":"passed","title":"Debe registrar correctamente un documento","duration":0.6327999999994063,"failureMessages":[],"meta":{}},{"ancestorTitles":["AuditLogService"],"fullName":"AuditLogService Debe registrar correctamente una notificación","status":"passed","title":"Debe registrar correctamente una notificación","duration":0.3764000000001033,"failureMessages":[],"meta":{}}],"startTime":1781950497941,"endTime":1781950498040.3765,"status":"passed","message":"","name":"C:/Users/Mar7G/Desktop/Proyecto_SmartLogix/frontend-admin/tests/service/auditLogService.test.js"},{"assertionResults":[{"ancestorTitles":["CarrierAnalyticsService"],"fullName":"CarrierAnalyticsService Debe devolver el estado de salud del sistema","status":"passed","title":"Debe devolver el estado de salud del sistema","duration":2.748000000000502,"failureMessages":[],"meta":{}},{"ancestorTitles":["CarrierAnalyticsService"],"fullName":"CarrierAnalyticsService Debe devolver un ranking de transportistas","status":"passed","title":"Debe devolver un ranking de transportistas","duration":0.7263999999995576,"failureMessages":[],"meta":{}},{"ancestorTitles":["CarrierAnalyticsService"],"fullName":"CarrierAnalyticsService Debe devolver una predicción válida","status":"passed","title":"Debe devolver una predicción válida","duration":0.2680000000000291,"failureMessages":[],"meta":{}},{"ancestorTitles":["CarrierAnalyticsService"],"fullName":"CarrierAnalyticsService Debe devolver una simulación válida","status":"passed","title":"Debe devolver una simulación válida","duration":0.17029999999977008,"failureMessages":[],"meta":{}},{"ancestorTitles":["CarrierAnalyticsService"],"fullName":"CarrierAnalyticsService Debe devolver tendencias disponibles","status":"passed","title":"Debe devolver tendencias disponibles","duration":0.16499999999996362,"failureMessages":[],"meta":{}}],"startTime":1781950497940,"endTime":1781950497944.268,"status":"passed","message":"","name":"C:/Users/Mar7G/Desktop/Proyecto_SmartLogix/frontend-admin/tests/service/carrierAnalyticsService.test.js"},{"assertionResults":[{"ancestorTitles":["CarrierDecisionService"],"fullName":"CarrierDecisionService Debe devolver un ranking con transportistas","status":"passed","title":"Debe devolver un ranking con transportistas","duration":1.9854000000004817,"failureMessages":[],"meta":{}},{"ancestorTitles":["CarrierDecisionService"],"fullName":"CarrierDecisionService Todos los transportistas deben tener un nombre","status":"passed","title":"Todos los transportistas deben tener un nombre","duration":0.9061999999994441,"failureMessages":[],"meta":{}},{"ancestorTitles":["CarrierDecisionService"],"fullName":"CarrierDecisionService Los puntajes deben estar entre 0 y 10","status":"passed","title":"Los puntajes deben estar entre 0 y 10","duration":1.044699999999466,"failureMessages":[],"meta":{}},{"ancestorTitles":["CarrierDecisionService"],"fullName":"CarrierDecisionService Ningún costo promedio puede ser negativo","status":"passed","title":"Ningún costo promedio puede ser negativo","duration":0.380500000000211,"failureMessages":[],"meta":{}},{"ancestorTitles":["CarrierDecisionService"],"fullName":"CarrierDecisionService El transportista recomendado debe ser el primero del ranking","status":"passed","title":"El transportista recomendado debe ser el primero del ranking","duration":1.3240999999998166,"failureMessages":[],"meta":{}}],"startTime":1781950497878,"endTime":1781950497884.3242,"status":"passed","message":"","name":"C:/Users/Mar7G/Desktop/Proyecto_SmartLogix/frontend-admin/tests/service/carrierDecisionService.test.js"},{"assertionResults":[{"ancestorTitles":["CarrierService"],"fullName":"CarrierService Debe devolver transportistas registrados","status":"passed","title":"Debe devolver transportistas registrados","duration":4.470699999999852,"failureMessages":[],"meta":{}},{"ancestorTitles":["CarrierService"],"fullName":"CarrierService Todos los transportistas deben tener API conectada","status":"passed","title":"Todos los transportistas deben tener API conectada","duration":1.0887999999995372,"failureMessages":[],"meta":{}},{"ancestorTitles":["CarrierService"],"fullName":"CarrierService Debe devolver la configuración por defecto cuando no existe configuración","status":"passed","title":"Debe devolver la configuración por defecto cuando no existe configuración","duration":0.6968999999999141,"failureMessages":[],"meta":{}},{"ancestorTitles":["CarrierService"],"fullName":"CarrierService Debe guardar correctamente la configuración","status":"passed","title":"Debe guardar correctamente la configuración","duration":0.9803000000001703,"failureMessages":[],"meta":{}},{"ancestorTitles":["CarrierService"],"fullName":"CarrierService Debe recuperar correctamente la configuración guardada","status":"passed","title":"Debe recuperar correctamente la configuración guardada","duration":2.0513999999993757,"failureMessages":[],"meta":{}}],"startTime":1781950497830,"endTime":1781950497839.0515,"status":"passed","message":"","name":"C:/Users/Mar7G/Desktop/Proyecto_SmartLogix/frontend-admin/tests/service/carrierService.test.js"},{"assertionResults":[{"ancestorTitles":["NotificationService"],"fullName":"NotificationService Debe obtener correctamente las notificaciones","status":"passed","title":"Debe obtener correctamente las notificaciones","duration":2.8499000000001615,"failureMessages":[],"meta":{}},{"ancestorTitles":["NotificationService"],"fullName":"NotificationService Debe crear correctamente una notificación","status":"passed","title":"Debe crear correctamente una notificación","duration":0.8591999999998734,"failureMessages":[],"meta":{}},{"ancestorTitles":["NotificationService"],"fullName":"NotificationService Debe actualizar correctamente el estado","status":"passed","title":"Debe actualizar correctamente el estado","duration":1.1441999999997279,"failureMessages":[],"meta":{}},{"ancestorTitles":["NotificationService"],"fullName":"NotificationService Debe devolver arreglo vacío cuando Supabase falla","status":"passed","title":"Debe devolver arreglo vacío cuando Supabase falla","duration":3.8505999999997584,"failureMessages":[],"meta":{}},{"ancestorTitles":["NotificationService"],"fullName":"NotificationService Debe rechazar la creación cuando Supabase devuelve error","status":"passed","title":"Debe rechazar la creación cuando Supabase devuelve error","duration":1.0844999999999345,"failureMessages":[],"meta":{}}],"startTime":1781950497896,"endTime":1781950497906.0845,"status":"passed","message":"","name":"C:/Users/Mar7G/Desktop/Proyecto_SmartLogix/frontend-admin/tests/service/notificationService.test.js"},{"assertionResults":[{"ancestorTitles":["OrderService"],"fullName":"OrderService Debe obtener todos los pedidos","status":"passed","title":"Debe obtener todos los pedidos","duration":4.089400000000751,"failureMessages":[],"meta":{}},{"ancestorTitles":["OrderService"],"fullName":"OrderService Debe obtener un pedido por ID","status":"passed","title":"Debe obtener un pedido por ID","duration":0.9786000000003696,"failureMessages":[],"meta":{}},{"ancestorTitles":["OrderService"],"fullName":"OrderService Debe crear correctamente un pedido","status":"passed","title":"Debe crear correctamente un pedido","duration":0.5594999999993888,"failureMessages":[],"meta":{}},{"ancestorTitles":["OrderService"],"fullName":"OrderService Debe actualizar correctamente el estado de un pedido","status":"passed","title":"Debe actualizar correctamente el estado de un pedido","duration":0.49289999999928114,"failureMessages":[],"meta":{}},{"ancestorTitles":["OrderService"],"fullName":"OrderService Debe eliminar correctamente un pedido","status":"passed","title":"Debe eliminar correctamente un pedido","duration":0.668999999999869,"failureMessages":[],"meta":{}}],"startTime":1781950497894,"endTime":1781950497900.669,"status":"passed","message":"","name":"C:/Users/Mar7G/Desktop/Proyecto_SmartLogix/frontend-admin/tests/service/orderService.test.js"},{"assertionResults":[{"ancestorTitles":["OrderValidationService"],"fullName":"OrderValidationService Debe aprobar un pedido con stock suficiente","status":"passed","title":"Debe aprobar un pedido con stock suficiente","duration":3.887300000000323,"failureMessages":[],"meta":{}},{"ancestorTitles":["OrderValidationService"],"fullName":"OrderValidationService Debe rechazar un pedido por stock insuficiente","status":"passed","title":"Debe rechazar un pedido por stock insuficiente","duration":0.9584999999997308,"failureMessages":[],"meta":{}},{"ancestorTitles":["OrderValidationService"],"fullName":"OrderValidationService Debe rechazar un producto inexistente","status":"passed","title":"Debe rechazar un producto inexistente","duration":0.6143999999994776,"failureMessages":[],"meta":{}},{"ancestorTitles":["OrderValidationService"],"fullName":"OrderValidationService Debe aceptar cuando el stock es exactamente igual a la cantidad","status":"passed","title":"Debe aceptar cuando el stock es exactamente igual a la cantidad","duration":0.47339999999985594,"failureMessages":[],"meta":{}},{"ancestorTitles":["OrderValidationService"],"fullName":"OrderValidationService Nunca debe devolver un resultado nulo","status":"passed","title":"Nunca debe devolver un resultado nulo","duration":0.7201000000004569,"failureMessages":[],"meta":{}}],"startTime":1781950497895,"endTime":1781950497901.7202,"status":"passed","message":"","name":"C:/Users/Mar7G/Desktop/Proyecto_SmartLogix/frontend-admin/tests/service/orderValidationService.test.js"},{"assertionResults":[{"ancestorTitles":["RefundService"],"fullName":"RefundService Debe crear correctamente un reembolso","status":"passed","title":"Debe crear correctamente un reembolso","duration":4.15099999999984,"failureMessages":[],"meta":{}},{"ancestorTitles":["RefundService"],"fullName":"RefundService Debe crear correctamente un reembolso desde un envío","status":"passed","title":"Debe crear correctamente un reembolso desde un envío","duration":0.9764000000004671,"failureMessages":[],"meta":{}},{"ancestorTitles":["RefundService"],"fullName":"RefundService Debe obtener correctamente los reembolsos","status":"passed","title":"Debe obtener correctamente los reembolsos","duration":0.6015999999999622,"failureMessages":[],"meta":{}},{"ancestorTitles":["RefundService"],"fullName":"RefundService Debe devolver arreglo vacío cuando ocurre un error","status":"passed","title":"Debe devolver arreglo vacío cuando ocurre un error","duration":3.9687999999996464,"failureMessages":[],"meta":{}},{"ancestorTitles":["RefundService"],"fullName":"RefundService Debe rechazar la creación cuando Supabase devuelve error","status":"passed","title":"Debe rechazar la creación cuando Supabase devuelve error","duration":1.2259000000003653,"failureMessages":[],"meta":{}}],"startTime":1781950497897,"endTime":1781950497908.2258,"status":"passed","message":"","name":"C:/Users/Mar7G/Desktop/Proyecto_SmartLogix/frontend-admin/tests/service/refundService.test.js"},{"assertionResults":[{"ancestorTitles":["ShippingService"],"fullName":"ShippingService Debe existir al menos una opción de envío","status":"passed","title":"Debe existir al menos una opción de envío","duration":3.503600000000006,"failureMessages":[],"meta":{}},{"ancestorTitles":["ShippingService"],"fullName":"ShippingService Debe obtener correctamente los envíos","status":"passed","title":"Debe obtener correctamente los envíos","duration":1.3319999999994252,"failureMessages":[],"meta":{}},{"ancestorTitles":["ShippingService"],"fullName":"ShippingService Debe crear correctamente un envío","status":"passed","title":"Debe crear correctamente un envío","duration":0.5559999999995853,"failureMessages":[],"meta":{}},{"ancestorTitles":["ShippingService"],"fullName":"ShippingService Debe actualizar correctamente el estado del envío","status":"passed","title":"Debe actualizar correctamente el estado del envío","duration":0.5336999999999534,"failureMessages":[],"meta":{}},{"ancestorTitles":["ShippingService"],"fullName":"ShippingService Debe eliminar correctamente un envío","status":"passed","title":"Debe eliminar correctamente un envío","duration":0.5254999999997381,"failureMessages":[],"meta":{}}],"startTime":1781950497899,"endTime":1781950497905.5254,"status":"passed","message":"","name":"C:/Users/Mar7G/Desktop/Proyecto_SmartLogix/frontend-admin/tests/service/shippingService.test.js"},{"assertionResults":[{"ancestorTitles":["TrackingAnalyticsService"],"fullName":"TrackingAnalyticsService Debe generar estadísticas de seguimiento","status":"passed","title":"Debe generar estadísticas de seguimiento","duration":3.0883999999996377,"failureMessages":[],"meta":{}},{"ancestorTitles":["TrackingAnalyticsService"],"fullName":"TrackingAnalyticsService Debe devolver actividad reciente","status":"passed","title":"Debe devolver actividad reciente","duration":0.8131000000003041,"failureMessages":[],"meta":{}},{"ancestorTitles":["TrackingAnalyticsService"],"fullName":"TrackingAnalyticsService Todos los couriers deben tener SLA válido","status":"passed","title":"Todos los couriers deben tener SLA válido","duration":1.0246999999999389,"failureMessages":[],"meta":{}},{"ancestorTitles":["TrackingAnalyticsService"],"fullName":"TrackingAnalyticsService La distribución debe contener todos los estados","status":"passed","title":"La distribución debe contener todos los estados","duration":0.5309999999999491,"failureMessages":[],"meta":{}},{"ancestorTitles":["TrackingAnalyticsService"],"fullName":"TrackingAnalyticsService Las alertas deben contener un mensaje","status":"passed","title":"Las alertas deben contener un mensaje","duration":0.4356999999999971,"failureMessages":[],"meta":{}}],"startTime":1781950497891,"endTime":1781950497897.4358,"status":"passed","message":"","name":"C:/Users/Mar7G/Desktop/Proyecto_SmartLogix/frontend-admin/tests/service/trackingAnalyticsService.test.js"},{"assertionResults":[{"ancestorTitles":["TrackingService"],"fullName":"TrackingService Debe devolver al menos un envío","status":"passed","title":"Debe devolver al menos un envío","duration":3.0484999999998763,"failureMessages":[],"meta":{}},{"ancestorTitles":["TrackingService"],"fullName":"TrackingService Todos los envíos deben tener Tracking Number","status":"passed","title":"Todos los envíos deben tener Tracking Number","duration":0.9825000000000728,"failureMessages":[],"meta":{}},{"ancestorTitles":["TrackingService"],"fullName":"TrackingService Todos los envíos deben tener transportista asignado","status":"passed","title":"Todos los envíos deben tener transportista asignado","duration":0.5481999999992695,"failureMessages":[],"meta":{}},{"ancestorTitles":["TrackingService"],"fullName":"TrackingService Ningún envío debe tener dirección vacía","status":"passed","title":"Ningún envío debe tener dirección vacía","duration":0.6477000000004409,"failureMessages":[],"meta":{}},{"ancestorTitles":["TrackingService"],"fullName":"TrackingService Todos los envíos deben tener fecha estimada de entrega","status":"passed","title":"Todos los envíos deben tener fecha estimada de entrega","duration":0.46780000000035216,"failureMessages":[],"meta":{}}],"startTime":1781950497872,"endTime":1781950497878.4678,"status":"passed","message":"","name":"C:/Users/Mar7G/Desktop/Proyecto_SmartLogix/frontend-admin/tests/service/trackingService.test.js"}]}